#
# There is insufficient memory for the Java Runtime Environment to continue.
# Native memory allocation (malloc) failed to allocate 37488 bytes for Chunk::new
# Possible reasons:
#   The system is out of physical RAM or swap space
#   In 32 bit mode, the process size limit was hit
# Possible solutions:
#   Reduce memory load on the system
#   Increase physical memory or swap space
#   Check if swap backing store is full
#   Use 64 bit Java on a 64 bit OS
#   Decrease Java heap size (-Xmx/-Xms)
#   Decrease number of Java threads
#   Decrease Java thread stack sizes (-Xss)
#   Set larger code cache with -XX:ReservedCodeCacheSize=
# This output file may be truncated or incomplete.
#
#  Out of Memory Error (allocation.cpp:390), pid=10372, tid=0x0000000000000f24
#
# JRE version: OpenJDK Runtime Environment (8.0_152-b01) (build 1.8.0_152-release-915-b01)
# Java VM: OpenJDK 64-Bit Server VM (25.152-b01 mixed mode windows-amd64 compressed oops)
# Failed to write core dump. Minidumps are not enabled by default on client versions of Windows
#

---------------  T H R E A D  ---------------

Current thread (0x0000000015d21000):  JavaThread "C2 CompilerThread0" daemon [_thread_in_native, id=3876, stack(0x0000000017370000,0x0000000017470000)]

Stack: [0x0000000017370000,0x0000000017470000]
[error occurred during error reporting (printing stack bounds), id 0xc0000005]

Native frames: (J=compiled Java code, j=interpreted, Vv=VM code, C=native code)


Current CompileTask:
C2:  12269 8200       4       org.apache.ivy.core.IvyPatternHelper::substituteVariables (213 bytes)


---------------  P R O C E S S  ---------------

Java Threads: ( => current thread )
  0x000000001bb06800 JavaThread "Cache worker for Artifact transforms cache (C:\Users\Szymek\.gradle\caches\transforms-1)" [_thread_blocked, id=11144, stack(0x00000000240f0000,0x00000000241f0000)]
  0x000000001bb07800 JavaThread "Cache worker for file hash cache (C:\Users\Szymek\Documents\GitHub\SqliteApp\.gradle\4.1\fileHashes)" [_thread_blocked, id=8556, stack(0x0000000023ff0000,0x00000000240f0000)]
  0x000000001bb04800 JavaThread "Stdin handler" [_thread_blocked, id=7620, stack(0x0000000022ca0000,0x0000000022da0000)]
  0x000000001bb09800 JavaThread "Asynchronous log dispatcher for DefaultDaemonConnection: socket connection from /127.0.0.1:58239 to /127.0.0.1:58255" [_thread_blocked, id=9988, stack(0x0000000022ba0000,0x0000000022ca0000)]
  0x000000001bb09000 JavaThread "Cancel handler" [_thread_blocked, id=4556, stack(0x0000000022060000,0x0000000022160000)]
  0x000000001bb08000 JavaThread "Handler for socket connection from /127.0.0.1:58239 to /127.0.0.1:58255" [_thread_in_native, id=4588, stack(0x0000000021740000,0x0000000021840000)]
  0x000000001bb0b000 JavaThread "Memory manager" [_thread_blocked, id=3744, stack(0x0000000021640000,0x0000000021740000)]
  0x000000001bb03800 JavaThread "pool-1-thread-1" [_thread_blocked, id=7796, stack(0x0000000020a20000,0x0000000020b20000)]
  0x0000000018ec4000 JavaThread "File lock request listener" [_thread_in_native, id=9688, stack(0x000000001b580000,0x000000001b680000)]
  0x0000000018ec9000 JavaThread "Cache worker for file hash cache (C:\Users\Szymek\.gradle\caches\4.1\fileHashes)" [_thread_blocked, id=5440, stack(0x000000001b480000,0x000000001b580000)]
  0x0000000018ed4800 JavaThread "Daemon worker" [_thread_in_Java, id=10040, stack(0x000000001b180000,0x000000001b280000)]
  0x000000001896b800 JavaThread "Daemon" [_thread_blocked, id=2604, stack(0x000000001ac80000,0x000000001ad80000)]
  0x0000000019418800 JavaThread "Daemon periodic checks" [_thread_blocked, id=6116, stack(0x000000001ab80000,0x000000001ac80000)]
  0x00000000190b7000 JavaThread "Incoming local TCP Connector on port 58239" [_thread_in_native, id=4184, stack(0x0000000019440000,0x0000000019540000)]
  0x000000001769a800 JavaThread "Service Thread" daemon [_thread_blocked, id=3948, stack(0x0000000017a70000,0x0000000017b70000)]
  0x0000000015d28800 JavaThread "C1 CompilerThread2" daemon [_thread_blocked, id=8204, stack(0x0000000017570000,0x0000000017670000)]
  0x0000000015d24800 JavaThread "C2 CompilerThread1" daemon [_thread_blocked, id=7956, stack(0x0000000017470000,0x0000000017570000)]
=>0x0000000015d21000 JavaThread "C2 CompilerThread0" daemon [_thread_in_native, id=3876, stack(0x0000000017370000,0x0000000017470000)]
  0x0000000015d20000 JavaThread "Attach Listener" daemon [_thread_blocked, id=6476, stack(0x0000000017270000,0x0000000017370000)]
  0x00000000022ae800 JavaThread "Signal Dispatcher" daemon [_thread_blocked, id=4260, stack(0x0000000017170000,0x0000000017270000)]
  0x0000000015d0e000 JavaThread "Finalizer" daemon [_thread_blocked, id=8236, stack(0x0000000016f70000,0x0000000017070000)]
  0x00000000022a2800 JavaThread "Reference Handler" daemon [_thread_blocked, id=5180, stack(0x0000000016e70000,0x0000000016f70000)]
  0x00000000021b2800 JavaThread "main" [_thread_blocked, id=6760, stack(0x0000000000930000,0x0000000000a30000)]

Other Threads:
  0x0000000015ce6000 VMThread [stack: 0x0000000016d70000,0x0000000016e70000] [id=6028]
  0x000000001769b800 WatcherThread [stack: 0x0000000017b70000,0x0000000017c70000] [id=684]

VM state:not at safepoint (normal execution)

VM Mutex/Monitor currently owned by a thread: None

Heap:
 PSYoungGen      total 176128K, used 76431K [0x00000000e0000000, 0x00000000ef380000, 0x0000000100000000)
  eden space 152576K, 50% used [0x00000000e0000000,0x00000000e4aa3d10,0x00000000e9500000)
  from space 23552K, 0% used [0x00000000e9500000,0x00000000e9500000,0x00000000eac00000)
  to   space 26112K, 0% used [0x00000000eda00000,0x00000000eda00000,0x00000000ef380000)
 ParOldGen       total 172544K, used 47307K [0x00000000a0000000, 0x00000000aa880000, 0x00000000e0000000)
  object space 172544K, 27% used [0x00000000a0000000,0x00000000a2e32c30,0x00000000aa880000)
 Metaspace       used 59655K, capacity 62344K, committed 62424K, reserved 1103872K
  class space    used 7993K, capacity 8688K, committed 8704K, reserved 1048576K

Card table byte_map: [0x0000000011770000,0x0000000011a80000] byte_map_base: 0x0000000011270000

Marking Bits: (ParMarkBitMap*) 0x000000006d0a3950
 Begin Bits: [0x0000000012080000, 0x0000000013880000)
 End Bits:   [0x0000000013880000, 0x0000000015080000)

Polling page: 0x00000000001f0000

CodeCache: size=245760Kb used=24022Kb max_used=24034Kb free=221737Kb
 bounds [0x00000000023b0000, 0x0000000003b40000, 0x00000000113b0000]
 total_blobs=8062 nmethods=7276 adapters=698
 compilation: disabled (not enough contiguous free space left)

Compilation events (10 events):
Event: 12.233 Thread 0x0000000015d24800 8264       4       com.sun.org.apache.xerces.internal.util.ParserConfigurationSettings::setFeature (42 bytes)
Event: 12.242 Thread 0x0000000015d24800 nmethod 8264 0x0000000003b3bad0 code [0x0000000003b3bc80, 0x0000000003b3c590]
Event: 12.245 Thread 0x0000000015d24800 8265       4       java.nio.Buffer::<init> (121 bytes)
Event: 12.246 Thread 0x0000000015d24800 nmethod 8265 0x0000000003b38810 code [0x0000000003b38960, 0x0000000003b38b18]
Event: 12.248 Thread 0x0000000015d24800 8266       4       com.sun.org.apache.xerces.internal.dom.NamedNodeMapImpl::setReadOnly (57 bytes)
Event: 12.248 Thread 0x0000000015d28800 8267       1       org.gradle.api.internal.artifacts.ivyservice.ivyresolve.parser.PomReader::getAllPomProperties (5 bytes)
Event: 12.248 Thread 0x0000000015d28800 nmethod 8267 0x0000000003b38550 code [0x0000000003b386a0, 0x0000000003b387b0]
Event: 12.250 Thread 0x0000000015d28800 8268       3       org.gradle.internal.component.external.model.AbstractModuleComponentResolveMetadata::populateConfigurationFromDescriptor (270 bytes)
Event: 12.250 Thread 0x0000000015d24800 nmethod 8266 0x0000000003b39fd0 code [0x0000000003b3a140, 0x0000000003b3a348]
Event: 12.251 Thread 0x0000000015d28800 


GC Heap History (10 events):
Event: 5.377 GC heap before
{Heap before GC invocations=10 (full 2):
 PSYoungGen      total 108032K, used 96768K [0x00000000e0000000, 0x00000000e9f00000, 0x0000000100000000)
  eden space 96768K, 100% used [0x00000000e0000000,0x00000000e5e80000,0x00000000e5e80000)
  from space 11264K, 0% used [0x00000000e5e80000,0x00000000e5e80000,0x00000000e6980000)
  to   space 12288K, 0% used [0x00000000e9300000,0x00000000e9300000,0x00000000e9f00000)
 ParOldGen       total 104960K, used 16251K [0x00000000a0000000, 0x00000000a6680000, 0x00000000e0000000)
  object space 104960K, 15% used [0x00000000a0000000,0x00000000a0fdefc8,0x00000000a6680000)
 Metaspace       used 41632K, capacity 42542K, committed 42840K, reserved 1085440K
  class space    used 5552K, capacity 5920K, committed 6016K, reserved 1048576K
Event: 5.387 GC heap after
Heap after GC invocations=10 (full 2):
 PSYoungGen      total 142336K, used 10786K [0x00000000e0000000, 0x00000000e9e00000, 0x0000000100000000)
  eden space 131072K, 0% used [0x00000000e0000000,0x00000000e0000000,0x00000000e8000000)
  from space 11264K, 95% used [0x00000000e9300000,0x00000000e9d88890,0x00000000e9e00000)
  to   space 12800K, 0% used [0x00000000e8500000,0x00000000e8500000,0x00000000e9180000)
 ParOldGen       total 104960K, used 16259K [0x00000000a0000000, 0x00000000a6680000, 0x00000000e0000000)
  object space 104960K, 15% used [0x00000000a0000000,0x00000000a0fe0fc8,0x00000000a6680000)
 Metaspace       used 41632K, capacity 42542K, committed 42840K, reserved 1085440K
  class space    used 5552K, capacity 5920K, committed 6016K, reserved 1048576K
}
Event: 6.977 GC heap before
{Heap before GC invocations=11 (full 2):
 PSYoungGen      total 142336K, used 141858K [0x00000000e0000000, 0x00000000e9e00000, 0x0000000100000000)
  eden space 131072K, 100% used [0x00000000e0000000,0x00000000e8000000,0x00000000e8000000)
  from space 11264K, 95% used [0x00000000e9300000,0x00000000e9d88890,0x00000000e9e00000)
  to   space 12800K, 0% used [0x00000000e8500000,0x00000000e8500000,0x00000000e9180000)
 ParOldGen       total 104960K, used 16259K [0x00000000a0000000, 0x00000000a6680000, 0x00000000e0000000)
  object space 104960K, 15% used [0x00000000a0000000,0x00000000a0fe0fc8,0x00000000a6680000)
 Metaspace       used 51717K, capacity 53436K, committed 53592K, reserved 1095680K
  class space    used 7016K, capacity 7502K, committed 7552K, reserved 1048576K
Event: 6.994 GC heap after
Heap after GC invocations=11 (full 2):
 PSYoungGen      total 148992K, used 12797K [0x00000000e0000000, 0x00000000ebc80000, 0x0000000100000000)
  eden space 136192K, 0% used [0x00000000e0000000,0x00000000e0000000,0x00000000e8500000)
  from space 12800K, 99% used [0x00000000e8500000,0x00000000e917f4e0,0x00000000e9180000)
  to   space 16896K, 0% used [0x00000000eac00000,0x00000000eac00000,0x00000000ebc80000)
 ParOldGen       total 104960K, used 21959K [0x00000000a0000000, 0x00000000a6680000, 0x00000000e0000000)
  object space 104960K, 20% used [0x00000000a0000000,0x00000000a1571ca0,0x00000000a6680000)
 Metaspace       used 51717K, capacity 53436K, committed 53592K, reserved 1095680K
  class space    used 7016K, capacity 7502K, committed 7552K, reserved 1048576K
}
Event: 7.809 GC heap before
{Heap before GC invocations=12 (full 2):
 PSYoungGen      total 148992K, used 148989K [0x00000000e0000000, 0x00000000ebc80000, 0x0000000100000000)
  eden space 136192K, 100% used [0x00000000e0000000,0x00000000e8500000,0x00000000e8500000)
  from space 12800K, 99% used [0x00000000e8500000,0x00000000e917f4e0,0x00000000e9180000)
  to   space 16896K, 0% used [0x00000000eac00000,0x00000000eac00000,0x00000000ebc80000)
 ParOldGen       total 104960K, used 21959K [0x00000000a0000000, 0x00000000a6680000, 0x00000000e0000000)
  object space 104960K, 20% used [0x00000000a0000000,0x00000000a1571ca0,0x00000000a6680000)
 Metaspace       used 54112K, capacity 56172K, committed 56408K, reserved 1097728K
  class space    used 7431K, capacity 7970K, committed 8064K, reserved 1048576K
Event: 7.834 GC heap after
Heap after GC invocations=12 (full 2):
 PSYoungGen      total 169472K, used 16893K [0x00000000e0000000, 0x00000000ed700000, 0x0000000100000000)
  eden space 152576K, 0% used [0x00000000e0000000,0x00000000e0000000,0x00000000e9500000)
  from space 16896K, 99% used [0x00000000eac00000,0x00000000ebc7f4e0,0x00000000ebc80000)
  to   space 23552K, 0% used [0x00000000e9500000,0x00000000e9500000,0x00000000eac00000)
 ParOldGen       total 104960K, used 35056K [0x00000000a0000000, 0x00000000a6680000, 0x00000000e0000000)
  object space 104960K, 33% used [0x00000000a0000000,0x00000000a223c1c0,0x00000000a6680000)
 Metaspace       used 54112K, capacity 56172K, committed 56408K, reserved 1097728K
  class space    used 7431K, capacity 7970K, committed 8064K, reserved 1048576K
}
Event: 8.826 GC heap before
{Heap before GC invocations=13 (full 2):
 PSYoungGen      total 169472K, used 70890K [0x00000000e0000000, 0x00000000ed700000, 0x0000000100000000)
  eden space 152576K, 35% used [0x00000000e0000000,0x00000000e34bb550,0x00000000e9500000)
  from space 16896K, 99% used [0x00000000eac00000,0x00000000ebc7f4e0,0x00000000ebc80000)
  to   space 23552K, 0% used [0x00000000e9500000,0x00000000e9500000,0x00000000eac00000)
 ParOldGen       total 104960K, used 35056K [0x00000000a0000000, 0x00000000a6680000, 0x00000000e0000000)
  object space 104960K, 33% used [0x00000000a0000000,0x00000000a223c1c0,0x00000000a6680000)
 Metaspace       used 56544K, capacity 58922K, committed 58968K, reserved 1099776K
  class space    used 7722K, capacity 8309K, committed 8320K, reserved 1048576K
Event: 8.851 GC heap after
Heap after GC invocations=13 (full 2):
 PSYoungGen      total 176128K, used 21446K [0x00000000e0000000, 0x00000000ef380000, 0x0000000100000000)
  eden space 152576K, 0% used [0x00000000e0000000,0x00000000e0000000,0x00000000e9500000)
  from space 23552K, 91% used [0x00000000e9500000,0x00000000ea9f1ac8,0x00000000eac00000)
  to   space 26112K, 0% used [0x00000000eda00000,0x00000000eda00000,0x00000000ef380000)
 ParOldGen       total 104960K, used 35056K [0x00000000a0000000, 0x00000000a6680000, 0x00000000e0000000)
  object space 104960K, 33% used [0x00000000a0000000,0x00000000a223c1c0,0x00000000a6680000)
 Metaspace       used 56544K, capacity 58922K, committed 58968K, reserved 1099776K
  class space    used 7722K, capacity 8309K, committed 8320K, reserved 1048576K
}
Event: 8.851 GC heap before
{Heap before GC invocations=14 (full 3):
 PSYoungGen      total 176128K, used 21446K [0x00000000e0000000, 0x00000000ef380000, 0x0000000100000000)
  eden space 152576K, 0% used [0x00000000e0000000,0x00000000e0000000,0x00000000e9500000)
  from space 23552K, 91% used [0x00000000e9500000,0x00000000ea9f1ac8,0x00000000eac00000)
  to   space 26112K, 0% used [0x00000000eda00000,0x00000000eda00000,0x00000000ef380000)
 ParOldGen       total 104960K, used 35056K [0x00000000a0000000, 0x00000000a6680000, 0x00000000e0000000)
  object space 104960K, 33% used [0x00000000a0000000,0x00000000a223c1c0,0x00000000a6680000)
 Metaspace       used 56544K, capacity 58922K, committed 58968K, reserved 1099776K
  class space    used 7722K, capacity 8309K, committed 8320K, reserved 1048576K
Event: 9.078 GC heap after
Heap after GC invocations=14 (full 3):
 PSYoungGen      total 176128K, used 0K [0x00000000e0000000, 0x00000000ef380000, 0x0000000100000000)
  eden space 152576K, 0% used [0x00000000e0000000,0x00000000e0000000,0x00000000e9500000)
  from space 23552K, 0% used [0x00000000e9500000,0x00000000e9500000,0x00000000eac00000)
  to   space 26112K, 0% used [0x00000000eda00000,0x00000000eda00000,0x00000000ef380000)
 ParOldGen       total 172544K, used 47307K [0x00000000a0000000, 0x00000000aa880000, 0x00000000e0000000)
  object space 172544K, 27% used [0x00000000a0000000,0x00000000a2e32c30,0x00000000aa880000)
 Metaspace       used 56544K, capacity 58922K, committed 58968K, reserved 1099776K
  class space    used 7722K, capacity 8309K, committed 8320K, reserved 1048576K
}

Deoptimization events (10 events):
Event: 9.264 Thread 0x000000001896b800 Uncommon trap: reason=unstable_if action=reinterpret pc=0x00000000038fd18c method=java.io.ObjectStreamClass.getSerialVersionUID()J @ 4
Event: 9.264 Thread 0x000000001896b800 Uncommon trap: reason=unstable_if action=reinterpret pc=0x00000000038e1040 method=java.io.ObjectStreamClass.getSerialVersionUID()J @ 4
Event: 9.266 Thread 0x000000001896b800 Uncommon trap: reason=unstable_if action=reinterpret pc=0x00000000038d6cf0 method=com.esotericsoftware.kryo.io.Output.writeBytes([BII)V @ 61
Event: 9.266 Thread 0x000000001896b800 Uncommon trap: reason=unstable_if action=reinterpret pc=0x0000000002e341e4 method=com.esotericsoftware.kryo.io.Output.writeBytes([BII)V @ 61
Event: 9.266 Thread 0x000000001896b800 Uncommon trap: reason=unstable_if action=reinterpret pc=0x000000000262cb18 method=com.esotericsoftware.kryo.io.Output.writeBytes([BII)V @ 61
Event: 9.267 Thread 0x000000001896b800 Uncommon trap: reason=unstable_if action=reinterpret pc=0x000000000388e3b8 method=com.esotericsoftware.kryo.io.Output.writeBytes([BII)V @ 61
Event: 9.282 Thread 0x000000001896c800 Uncommon trap: reason=unstable_if action=reinterpret pc=0x0000000002cffb8c method=com.esotericsoftware.kryo.io.Input.require(I)I @ 117
Event: 9.283 Thread 0x000000001896b800 Uncommon trap: reason=unstable_if action=reinterpret pc=0x0000000003184b24 method=java.util.HashMap$HashIterator.<init>(Ljava/util/HashMap;)V @ 45
Event: 9.283 Thread 0x000000001896b800 Uncommon trap: reason=unstable_if action=reinterpret pc=0x00000000033aa394 method=java.util.HashMap$HashIterator.<init>(Ljava/util/HashMap;)V @ 45
Event: 11.474 Thread 0x0000000018ed4800 Uncommon trap: reason=class_check action=maybe_recompile pc=0x00000000035d6758 method=com.google.common.collect.AbstractMapBasedMultimap.put(Ljava/lang/Object;Ljava/lang/Object;)Z @ 10

Classes redefined (0 events):
No events

Internal exceptions (10 events):
Event: 9.265 Thread 0x000000001896b800 Exception <a 'java/lang/NoSuchMethodError': <clinit>> (0x00000000e13d9ea8) thrown at [D:\src\AOSP-openjdk-cygwin\jdk8u\hotspot\src\share\vm\prims\jni.cpp, line 1613]
Event: 9.266 Thread 0x000000001896b800 Exception <a 'java/lang/NoSuchMethodError': <clinit>> (0x00000000e13ed918) thrown at [D:\src\AOSP-openjdk-cygwin\jdk8u\hotspot\src\share\vm\prims\jni.cpp, line 1613]
Event: 9.269 Thread 0x000000001896b800 Exception <a 'java/lang/NoSuchMethodError': <clinit>> (0x00000000e1402d10) thrown at [D:\src\AOSP-openjdk-cygwin\jdk8u\hotspot\src\share\vm\prims\jni.cpp, line 1613]
Event: 9.270 Thread 0x000000001896b800 Exception <a 'java/lang/NoSuchMethodError': <clinit>> (0x00000000e1415bc0) thrown at [D:\src\AOSP-openjdk-cygwin\jdk8u\hotspot\src\share\vm\prims\jni.cpp, line 1613]
Event: 9.271 Thread 0x000000001896b800 Exception <a 'java/lang/NoSuchMethodError': <clinit>> (0x00000000e141ab48) thrown at [D:\src\AOSP-openjdk-cygwin\jdk8u\hotspot\src\share\vm\prims\jni.cpp, line 1613]
Event: 9.281 Thread 0x000000001896c800 Exception <a 'java/lang/NoSuchMethodError': <clinit>> (0x00000000e17b2b08) thrown at [D:\src\AOSP-openjdk-cygwin\jdk8u\hotspot\src\share\vm\prims\jni.cpp, line 1613]
Event: 11.419 Thread 0x000000001bb08000 Exception <a 'java/lang/NoSuchMethodError': <clinit>> (0x00000000e1a58c40) thrown at [D:\src\AOSP-openjdk-cygwin\jdk8u\hotspot\src\share\vm\prims\jni.cpp, line 1613]
Event: 11.421 Thread 0x000000001bb08000 Exception <a 'java/lang/NoSuchMethodError': <clinit>> (0x00000000e1a72b98) thrown at [D:\src\AOSP-openjdk-cygwin\jdk8u\hotspot\src\share\vm\prims\jni.cpp, line 1613]
Event: 11.456 Thread 0x0000000018ed4800 Exception <a 'java/lang/ClassNotFoundException': sync_local_repo416_skk7c2c0rl0u4n86osqyu1i9BeanInfo> (0x00000000e1d10af0) thrown at [D:\src\AOSP-openjdk-cygwin\jdk8u\hotspot\src\share\vm\classfile\systemDictionary.cpp, line 210]
Event: 11.457 Thread 0x0000000018ed4800 Exception <a 'java/lang/ClassNotFoundException': sync_local_repo416_skk7c2c0rl0u4n86osqyu1i9Customizer> (0x00000000e1d1b110) thrown at [D:\src\AOSP-openjdk-cygwin\jdk8u\hotspot\src\share\vm\classfile\systemDictionary.cpp, line 210]

Events (10 events):
Event: 11.727 Thread 0x0000000018ed4800 DEOPT UNPACKING pc=0x00000000023f75bf sp=0x000000001b2778e8 mode 0
Event: 11.733 Thread 0x0000000018ed4800 DEOPT PACKING pc=0x0000000002e4ef2d sp=0x000000001b2794c0
Event: 11.733 Thread 0x0000000018ed4800 DEOPT UNPACKING pc=0x00000000023f75bf sp=0x000000001b279408 mode 0
Event: 11.797 Thread 0x0000000018ed4800 DEOPT PACKING pc=0x00000000025b3568 sp=0x000000001b279f30
Event: 11.797 Thread 0x0000000018ed4800 DEOPT UNPACKING pc=0x00000000023f75bf sp=0x000000001b279d80 mode 0
Event: 11.810 Thread 0x0000000018ed4800 DEOPT PACKING pc=0x0000000002f8a0f3 sp=0x000000001b279fd0
Event: 11.810 Thread 0x0000000018ed4800 DEOPT UNPACKING pc=0x00000000023f75bf sp=0x000000001b279d50 mode 0
Event: 11.870 Executing VM operation: ForceSafepoint
Event: 11.870 Executing VM operation: ForceSafepoint done
Event: 11.887 Thread 0x0000000015d24800 flushing nmethod 0x0000000002985b50


Dynamic libraries:
0x00007ff62cc10000 - 0x00007ff62cc41000 	C:\Program Files\Android\Android Studio\jre\bin\java.exe
0x00007ffc15e20000 - 0x00007ffc15fe1000 	C:\Windows\SYSTEM32\ntdll.dll
0x00007ffc156c0000 - 0x00007ffc1576d000 	C:\Windows\system32\KERNEL32.DLL
0x00007ffc12cf0000 - 0x00007ffc12ed8000 	C:\Windows\system32\KERNELBASE.dll
0x00007ffc15770000 - 0x00007ffc15817000 	C:\Windows\system32\ADVAPI32.dll
0x00007ffc154b0000 - 0x00007ffc1554d000 	C:\Windows\system32\msvcrt.dll
0x00007ffc15ba0000 - 0x00007ffc15bfb000 	C:\Windows\system32\sechost.dll
0x00007ffc159b0000 - 0x00007ffc15acc000 	C:\Windows\system32\RPCRT4.dll
0x00007ffc15560000 - 0x00007ffc156b6000 	C:\Windows\system32\USER32.dll
0x00007ffc15820000 - 0x00007ffc159a6000 	C:\Windows\system32\GDI32.dll
0x00007ffc09580000 - 0x00007ffc097f4000 	C:\Windows\WinSxS\amd64_microsoft.windows.common-controls_6595b64144ccf1df_6.0.10586.0_none_8c15ae12515e1c22\COMCTL32.dll
0x00007ffc13280000 - 0x00007ffc134fd000 	C:\Windows\system32\combase.dll
0x00007ffc12b20000 - 0x00007ffc12b8a000 	C:\Windows\system32\bcryptPrimitives.dll
0x00007ffc15350000 - 0x00007ffc1538b000 	C:\Windows\system32\IMM32.DLL
0x000000006d1a0000 - 0x000000006d272000 	C:\Program Files\Android\Android Studio\jre\jre\bin\msvcr100.dll
0x000000006c8e0000 - 0x000000006d11e000 	C:\Program Files\Android\Android Studio\jre\jre\bin\server\jvm.dll
0x00007ffc154a0000 - 0x00007ffc154a8000 	C:\Windows\system32\PSAPI.DLL
0x00007ffc07db0000 - 0x00007ffc07db9000 	C:\Windows\SYSTEM32\WSOCK32.dll
0x00007ffc101b0000 - 0x00007ffc101ba000 	C:\Windows\SYSTEM32\VERSION.dll
0x00007ffc109e0000 - 0x00007ffc10a03000 	C:\Windows\SYSTEM32\WINMM.dll
0x00007ffc15c00000 - 0x00007ffc15c6b000 	C:\Windows\system32\WS2_32.dll
0x00007ffc10950000 - 0x00007ffc1097c000 	C:\Windows\SYSTEM32\winmmbase.dll
0x00007ffc12ca0000 - 0x00007ffc12ce3000 	C:\Windows\system32\cfgmgr32.dll
0x00007ffc10300000 - 0x00007ffc1030f000 	C:\Program Files\Android\Android Studio\jre\jre\bin\verify.dll
0x00007ffc03db0000 - 0x00007ffc03dd9000 	C:\Program Files\Android\Android Studio\jre\jre\bin\java.dll
0x00007ffc060c0000 - 0x00007ffc060d6000 	C:\Program Files\Android\Android Studio\jre\jre\bin\zip.dll
0x00007ffc13760000 - 0x00007ffc14cbf000 	C:\Windows\system32\SHELL32.dll
0x00007ffc124d0000 - 0x00007ffc12b14000 	C:\Windows\system32\windows.storage.dll
0x00007ffc15ad0000 - 0x00007ffc15b22000 	C:\Windows\system32\shlwapi.dll
0x00007ffc12460000 - 0x00007ffc1246f000 	C:\Windows\system32\kernel.appcore.dll
0x00007ffc13160000 - 0x00007ffc13215000 	C:\Windows\system32\shcore.dll
0x00007ffc12480000 - 0x00007ffc124cb000 	C:\Windows\system32\powrprof.dll
0x00007ffc12440000 - 0x00007ffc12454000 	C:\Windows\system32\profapi.dll
0x00007ffc03ed0000 - 0x00007ffc03eea000 	C:\Program Files\Android\Android Studio\jre\jre\bin\net.dll
0x00007ffc11d70000 - 0x00007ffc11dcc000 	C:\Windows\system32\mswsock.dll
0x00007ffc03d70000 - 0x00007ffc03d81000 	C:\Program Files\Android\Android Studio\jre\jre\bin\nio.dll
0x00007ffc01c20000 - 0x00007ffc01c3e000 	C:\Users\Szymek\.gradle\native\25\windows-amd64\native-platform.dll
0x00007ffc060a0000 - 0x00007ffc060ad000 	C:\Program Files\Android\Android Studio\jre\jre\bin\management.dll
0x00007ffc11e20000 - 0x00007ffc11e37000 	C:\Windows\SYSTEM32\CRYPTSP.dll
0x00007ffc11ab0000 - 0x00007ffc11ae4000 	C:\Windows\system32\rsaenh.dll
0x00007ffc12370000 - 0x00007ffc12399000 	C:\Windows\SYSTEM32\bcrypt.dll
0x00007ffc11c00000 - 0x00007ffc11c1f000 	C:\Windows\SYSTEM32\USERENV.dll
0x00007ffc11f40000 - 0x00007ffc11f4b000 	C:\Windows\SYSTEM32\CRYPTBASE.dll
0x00007ffc0faa0000 - 0x00007ffc0fad8000 	C:\Windows\SYSTEM32\IPHLPAPI.DLL
0x00007ffc135d0000 - 0x00007ffc135d8000 	C:\Windows\system32\NSI.dll
0x00007ffc0c960000 - 0x00007ffc0c976000 	C:\Windows\SYSTEM32\dhcpcsvc6.DLL
0x00007ffc0c940000 - 0x00007ffc0c95a000 	C:\Windows\SYSTEM32\dhcpcsvc.DLL

VM Arguments:
jvm_args: -Xmx1536m -Dfile.encoding=windows-1250 -Duser.country=PL -Duser.language=pl -Duser.variant 
java_command: org.gradle.launcher.daemon.bootstrap.GradleDaemon 4.1
java_class_path (initial): C:\Users\Szymek\.gradle\wrapper\dists\gradle-4.1-all\bzyivzo6n839fup2jbap0tjew\gradle-4.1\lib\gradle-launcher-4.1.jar
Launcher Type: SUN_STANDARD

Environment Variables:
CLASSPATH=.;C:\Program Files (x86)\Java\jre1.8.0_121\lib\ext\QTJava.zip
PATH=C:\ProgramData\Oracle\Java\javapath;C:\Windows\system32;C:\Windows;C:\Windows\System32\Wbem;C:\Windows\System32\WindowsPowerShell\v1.0\;C:\Users\Szymek\.dnx\bin;C:\Program Files\Microsoft DNX\Dnvm\;C:\Program Files\Microsoft SQL Server\130\Tools\Binn\;C:\Program Files (x86)\Windows Kits\8.1\Windows Performance Toolkit\;C:\Program Files\nodejs\;C:\Program Files\MATLAB\R2012b\runtime\win64;C:\Program Files\MATLAB\R2012b\bin;C:\Program Files (x86)\Common Files\Apple\Apple Application Support;C:\Program Files\Microsoft SQL Server\110\Tools\Binn\;C:\Program Files (x86)\Universal Extractor;C:\Program Files (x86)\Universal Extractor\bin;C:\Program Files (x86)\QuickTime\QTSystem\;C:\Program Files (x86)\Wiimm\WIT;C:\Program Files (x86)\Wiimm\SZS;C:\Program Files\dotnet\;C:\Program Files (x86)\NVIDIA Corporation\PhysX\Common;C:\Program Files (x86)\CodeBlocks\MinGW\bin;D:\Strawberry\c\bin;D:\Strawberry\perl\site\bin;D:\Strawberry\perl\bin;C:\Program Files\Microsoft\Web Platform Installer\;D:\Program Files\Git\cmd;C:\Users\Szymek\AppData\Local\Programs\Python\Python37-32\Scripts\;C:\Users\Szymek\AppData\Local\Programs\Python\Python37-32\;C:\Users\Szymek\AppData\Roaming\npm;C:\Users\Szymek\AppData\Local\GitHubDesktop\bin;C:\Program Files (x86)\Wiimm\WIT;E:\Program Files (x86)\HP webOS\PDK\bin;E:\Program Files (x86)\HP webOS\SDK\bin;E:\Program Files (x86)\HP webOS\SDK\bin\novacom;C:\Program Files (x86)\Wiimm\SZS;D:\Program Files (x86)\FAHClient
USERNAME=Szymek
OS=Windows_NT
PROCESSOR_IDENTIFIER=Intel64 Family 6 Model 94 Stepping 3, GenuineIntel



---------------  S Y S T E M  ---------------

OS: Windows 10.0 , 64 bit Build 10586 (10.0.10586.0)

CPU:total 4 (initial active 4) (4 cores per cpu, 1 threads per core) family 6 model 94 stepping 3, cmov, cx8, fxsr, mmx, sse, sse2, sse3, ssse3, sse4.1, sse4.2, popcnt, avx, avx2, aes, clmul, erms, 3dnowpref, lzcnt, tsc, tscinvbit, bmi1, bmi2, adx

Memory: 4k page, physical 8334204k(2051540k free), swap 10253188k(1392k free)

vm_info: OpenJDK 64-Bit Server VM (25.152-b01) for windows-amd64 JRE (1.8.0_152-release-915-b01), built by "builder" with MS VC++ 10.0 (VS2010)

time: Sun Oct 04 03:13:14 2020
elapsed time: 12 seconds (0d 0h 0m 12s)

