#
# There is insufficient memory for the Java Runtime Environment to continue.
# Native memory allocation (malloc) failed to allocate 1560960 bytes for Chunk::new
# Possible reasons:
#   The system is out of physical RAM or swap space
#   In 32 bit mode, the process size limit was hit
# Possible solutions:
#   Reduce memory load on the system
#   Increase physical memory or swap space
#   Check if swap backing store is full
#   Use 64 bit Java on a 64 bit OS
#   Decrease Java heap size (-Xmx/-Xms)
#   Decrease number of Java threads
#   Decrease Java thread stack sizes (-Xss)
#   Set larger code cache with -XX:ReservedCodeCacheSize=
# This output file may be truncated or incomplete.
#
#  Out of Memory Error (allocation.cpp:390), pid=8360, tid=0x0000000000001e98
#
# JRE version: OpenJDK Runtime Environment (8.0_152-b01) (build 1.8.0_152-release-915-b01)
# Java VM: OpenJDK 64-Bit Server VM (25.152-b01 mixed mode windows-amd64 compressed oops)
# Failed to write core dump. Minidumps are not enabled by default on client versions of Windows
#

---------------  T H R E A D  ---------------

Current thread (0x0000000015e12000):  JavaThread "C2 CompilerThread1" daemon [_thread_in_native, id=7832, stack(0x0000000017570000,0x0000000017670000)]

Stack: [0x0000000017570000,0x0000000017670000]
[error occurred during error reporting (printing stack bounds), id 0xc0000005]

Native frames: (J=compiled Java code, j=interpreted, Vv=VM code, C=native code)


Current CompileTask:
C2:   8650 8412       4       org.gradle.model.internal.type.ModelType::wrap (219 bytes)


---------------  P R O C E S S  ---------------

Java Threads: ( => current thread )
  0x000000001ed47000 JavaThread "ForkJoinPool.commonPool-worker-1" daemon [_thread_blocked, id=9500, stack(0x0000000024b00000,0x0000000024c00000)]
  0x000000001dc93800 JavaThread "Memory manager" [_thread_blocked, id=6668, stack(0x00000000215d0000,0x00000000216d0000)]
  0x000000001dc97800 JavaThread "pool-1-thread-1" [_thread_blocked, id=7644, stack(0x00000000212b0000,0x00000000213b0000)]
  0x000000001dc93000 JavaThread "build operations Thread 4" [_thread_blocked, id=2816, stack(0x000000001fe00000,0x000000001ff00000)]
  0x000000001dc92000 JavaThread "build operations Thread 3" [_thread_blocked, id=6660, stack(0x000000001fd00000,0x000000001fe00000)]
  0x000000001dc99000 JavaThread "build operations Thread 2" [_thread_blocked, id=6136, stack(0x000000001f9f0000,0x000000001faf0000)]
  0x000000001dc98000 JavaThread "build operations" [_thread_blocked, id=7044, stack(0x000000001e390000,0x000000001e490000)]
  0x000000001dc95000 JavaThread "Cache worker for Artifact transforms cache (C:\Users\Szymek\.gradle\caches\transforms-1)" [_thread_blocked, id=4856, stack(0x000000001ce20000,0x000000001cf20000)]
  0x0000000019261000 JavaThread "Cache worker for file hash cache (C:\Users\Szymek\Documents\GitHub\SqliteApp\.gradle\4.1\fileHashes)" [_thread_blocked, id=7264, stack(0x000000001b950000,0x000000001ba50000)]
  0x0000000019159000 JavaThread "File lock request listener" [_thread_in_native, id=7332, stack(0x000000001a680000,0x000000001a780000)]
  0x0000000018d54800 JavaThread "Cache worker for file hash cache (C:\Users\Szymek\.gradle\caches\4.1\fileHashes)" [_thread_blocked, id=2832, stack(0x000000001a580000,0x000000001a680000)]
  0x000000001937a000 JavaThread "Stdin handler" [_thread_blocked, id=7768, stack(0x000000001a480000,0x000000001a580000)]
  0x0000000018c3f000 JavaThread "Asynchronous log dispatcher for DefaultDaemonConnection: socket connection from /127.0.0.1:52719 to /127.0.0.1:52720" [_thread_blocked, id=5380, stack(0x000000001a380000,0x000000001a480000)]
  0x000000001932b000 JavaThread "Daemon worker" [_thread_in_vm, id=6880, stack(0x000000001a280000,0x000000001a380000)]
  0x0000000018c3c000 JavaThread "Cancel handler" [_thread_blocked, id=6156, stack(0x000000001a180000,0x000000001a280000)]
  0x0000000018e25000 JavaThread "Handler for socket connection from /127.0.0.1:52719 to /127.0.0.1:52720" [_thread_in_native, id=9688, stack(0x0000000019e80000,0x0000000019f80000)]
  0x0000000018e24000 JavaThread "Daemon" [_thread_blocked, id=9624, stack(0x0000000019d80000,0x0000000019e80000)]
  0x0000000018e0b000 JavaThread "Daemon periodic checks" [_thread_blocked, id=2876, stack(0x0000000019c80000,0x0000000019d80000)]
  0x0000000018e09800 JavaThread "Incoming local TCP Connector on port 52719" [_thread_in_native, id=4132, stack(0x0000000019a80000,0x0000000019b80000)]
  0x000000001778d000 JavaThread "Service Thread" daemon [_thread_blocked, id=10056, stack(0x0000000017b70000,0x0000000017c70000)]
  0x0000000015e15800 JavaThread "C1 CompilerThread2" daemon [_thread_blocked, id=5056, stack(0x0000000017670000,0x0000000017770000)]
=>0x0000000015e12000 JavaThread "C2 CompilerThread1" daemon [_thread_in_native, id=7832, stack(0x0000000017570000,0x0000000017670000)]
  0x0000000015e0f000 JavaThread "C2 CompilerThread0" daemon [_thread_in_native, id=8144, stack(0x0000000017470000,0x0000000017570000)]
  0x0000000015e0e000 JavaThread "Attach Listener" daemon [_thread_blocked, id=7664, stack(0x0000000017370000,0x0000000017470000)]
  0x0000000015e0c800 JavaThread "Signal Dispatcher" daemon [_thread_blocked, id=1888, stack(0x0000000017270000,0x0000000017370000)]
  0x0000000015df8800 JavaThread "Finalizer" daemon [_thread_blocked, id=9640, stack(0x0000000017070000,0x0000000017170000)]
  0x0000000002493800 JavaThread "Reference Handler" daemon [_thread_blocked, id=5832, stack(0x0000000016f70000,0x0000000017070000)]
  0x000000000239e800 JavaThread "main" [_thread_blocked, id=8332, stack(0x00000000021c0000,0x00000000022c0000)]

Other Threads:
  0x0000000015dd5800 VMThread [stack: 0x0000000016e70000,0x0000000016f70000] [id=2576]
  0x0000000017795800 WatcherThread [stack: 0x0000000017c70000,0x0000000017d70000] [id=5244]

VM state:not at safepoint (normal execution)

VM Mutex/Monitor currently owned by a thread: None

Heap:
 PSYoungGen      total 173568K, used 57346K [0x00000000e0000000, 0x00000000ee400000, 0x0000000100000000)
  eden space 154624K, 37% used [0x00000000e0000000,0x00000000e3800990,0x00000000e9700000)
  from space 18944K, 0% used [0x00000000e9700000,0x00000000e9700000,0x00000000ea980000)
  to   space 21504K, 0% used [0x00000000ecf00000,0x00000000ecf00000,0x00000000ee400000)
 ParOldGen       total 154624K, used 31529K [0x00000000a0000000, 0x00000000a9700000, 0x00000000e0000000)
  object space 154624K, 20% used [0x00000000a0000000,0x00000000a1eca7d0,0x00000000a9700000)
 Metaspace       used 60191K, capacity 62588K, committed 62680K, reserved 1103872K
  class space    used 8093K, capacity 8617K, committed 8704K, reserved 1048576K

Card table byte_map: [0x0000000011860000,0x0000000011b70000] byte_map_base: 0x0000000011360000

Marking Bits: (ParMarkBitMap*) 0x0000000071253950
 Begin Bits: [0x0000000012170000, 0x0000000013970000)
 End Bits:   [0x0000000013970000, 0x0000000015170000)

Polling page: 0x00000000001f0000

CodeCache: size=245760Kb used=23916Kb max_used=23930Kb free=221843Kb
 bounds [0x00000000024a0000, 0x0000000003c20000, 0x00000000114a0000]
 total_blobs=8270 nmethods=7465 adapters=717
 compilation: enabled

Compilation events (10 events):
Event: 8.637 Thread 0x0000000015e15800 8721       3       com.google.wireless.android.sdk.stats.ApiVersion::internalGetFieldAccessorTable (11 bytes)
Event: 8.637 Thread 0x0000000015e15800 nmethod 8721 0x0000000003c0b390 code [0x0000000003c0b500, 0x0000000003c0b728]
Event: 8.637 Thread 0x0000000015e15800 8717       3       com.google.protobuf.Descriptors$Descriptor::getEnumTypes (11 bytes)
Event: 8.637 Thread 0x0000000015e15800 nmethod 8717 0x0000000003c0b7d0 code [0x0000000003c0b9a0, 0x0000000003c0c128]
Event: 8.638 Thread 0x0000000015e15800 8722       3       com.google.protobuf.Descriptors$EnumDescriptor::getValues (11 bytes)
Event: 8.638 Thread 0x0000000015e15800 nmethod 8722 0x0000000003c0c5d0 code [0x0000000003c0c7a0, 0x0000000003c0cf28]
Event: 8.638 Thread 0x0000000015e15800 8723       3       com.google.protobuf.GeneratedMessageV3$FieldAccessorTable$RepeatedFieldAccessor::get (13 bytes)
Event: 8.638 Thread 0x0000000015e15800 nmethod 8723 0x0000000003c0d3d0 code [0x0000000003c0d540, 0x0000000003c0d7a8]
Event: 8.640 Thread 0x0000000015e0f000 nmethod 8692 0x0000000003c11150 code [0x0000000003c11340, 0x0000000003c11fb0]
Event: 8.640 Thread 0x0000000015e0f000 8704       4       com.google.gson.stream.JsonWriter::string (169 bytes)

GC Heap History (10 events):
Event: 4.349 GC heap before
{Heap before GC invocations=10 (full 2):
 PSYoungGen      total 107008K, used 96256K [0x00000000e0000000, 0x00000000e9d80000, 0x0000000100000000)
  eden space 96256K, 100% used [0x00000000e0000000,0x00000000e5e00000,0x00000000e5e00000)
  from space 10752K, 0% used [0x00000000e5e00000,0x00000000e5e00000,0x00000000e6880000)
  to   space 11264K, 0% used [0x00000000e9280000,0x00000000e9280000,0x00000000e9d80000)
 ParOldGen       total 104448K, used 15707K [0x00000000a0000000, 0x00000000a6600000, 0x00000000e0000000)
  object space 104448K, 15% used [0x00000000a0000000,0x00000000a0f56d20,0x00000000a6600000)
 Metaspace       used 40983K, capacity 41776K, committed 42072K, reserved 1085440K
  class space    used 5456K, capacity 5726K, committed 5760K, reserved 1048576K
Event: 4.360 GC heap after
Heap after GC invocations=10 (full 2):
 PSYoungGen      total 141824K, used 10677K [0x00000000e0000000, 0x00000000e9d00000, 0x0000000100000000)
  eden space 131072K, 0% used [0x00000000e0000000,0x00000000e0000000,0x00000000e8000000)
  from space 10752K, 99% used [0x00000000e9280000,0x00000000e9ced628,0x00000000e9d00000)
  to   space 12288K, 0% used [0x00000000e8500000,0x00000000e8500000,0x00000000e9100000)
 ParOldGen       total 104448K, used 15715K [0x00000000a0000000, 0x00000000a6600000, 0x00000000e0000000)
  object space 104448K, 15% used [0x00000000a0000000,0x00000000a0f58d20,0x00000000a6600000)
 Metaspace       used 40983K, capacity 41776K, committed 42072K, reserved 1085440K
  class space    used 5456K, capacity 5726K, committed 5760K, reserved 1048576K
}
Event: 5.718 GC heap before
{Heap before GC invocations=11 (full 2):
 PSYoungGen      total 141824K, used 141749K [0x00000000e0000000, 0x00000000e9d00000, 0x0000000100000000)
  eden space 131072K, 100% used [0x00000000e0000000,0x00000000e8000000,0x00000000e8000000)
  from space 10752K, 99% used [0x00000000e9280000,0x00000000e9ced628,0x00000000e9d00000)
  to   space 12288K, 0% used [0x00000000e8500000,0x00000000e8500000,0x00000000e9100000)
 ParOldGen       total 104448K, used 15715K [0x00000000a0000000, 0x00000000a6600000, 0x00000000e0000000)
  object space 104448K, 15% used [0x00000000a0000000,0x00000000a0f58d20,0x00000000a6600000)
 Metaspace       used 51417K, capacity 53054K, committed 53208K, reserved 1095680K
  class space    used 6977K, capacity 7382K, committed 7424K, reserved 1048576K
Event: 5.731 GC heap after
Heap after GC invocations=11 (full 2):
 PSYoungGen      total 148480K, used 12269K [0x00000000e0000000, 0x00000000eb900000, 0x0000000100000000)
  eden space 136192K, 0% used [0x00000000e0000000,0x00000000e0000000,0x00000000e8500000)
  from space 12288K, 99% used [0x00000000e8500000,0x00000000e90fb4f0,0x00000000e9100000)
  to   space 15872K, 0% used [0x00000000ea980000,0x00000000ea980000,0x00000000eb900000)
 ParOldGen       total 104448K, used 21766K [0x00000000a0000000, 0x00000000a6600000, 0x00000000e0000000)
  object space 104448K, 20% used [0x00000000a0000000,0x00000000a1541b40,0x00000000a6600000)
 Metaspace       used 51417K, capacity 53054K, committed 53208K, reserved 1095680K
  class space    used 6977K, capacity 7382K, committed 7424K, reserved 1048576K
}
Event: 7.644 GC heap before
{Heap before GC invocations=12 (full 2):
 PSYoungGen      total 148480K, used 148461K [0x00000000e0000000, 0x00000000eb900000, 0x0000000100000000)
  eden space 136192K, 100% used [0x00000000e0000000,0x00000000e8500000,0x00000000e8500000)
  from space 12288K, 99% used [0x00000000e8500000,0x00000000e90fb4f0,0x00000000e9100000)
  to   space 15872K, 0% used [0x00000000ea980000,0x00000000ea980000,0x00000000eb900000)
 ParOldGen       total 104448K, used 21766K [0x00000000a0000000, 0x00000000a6600000, 0x00000000e0000000)
  object space 104448K, 20% used [0x00000000a0000000,0x00000000a1541b40,0x00000000a6600000)
 Metaspace       used 56090K, capacity 58190K, committed 58200K, reserved 1099776K
  class space    used 7572K, capacity 8062K, committed 8064K, reserved 1048576K
Event: 7.658 GC heap after
Heap after GC invocations=12 (full 2):
 PSYoungGen      total 170496K, used 15870K [0x00000000e0000000, 0x00000000ec280000, 0x0000000100000000)
  eden space 154624K, 0% used [0x00000000e0000000,0x00000000e0000000,0x00000000e9700000)
  from space 15872K, 99% used [0x00000000ea980000,0x00000000eb8ffa60,0x00000000eb900000)
  to   space 18944K, 0% used [0x00000000e9700000,0x00000000e9700000,0x00000000ea980000)
 ParOldGen       total 104448K, used 24967K [0x00000000a0000000, 0x00000000a6600000, 0x00000000e0000000)
  object space 104448K, 23% used [0x00000000a0000000,0x00000000a1861db0,0x00000000a6600000)
 Metaspace       used 56090K, capacity 58190K, committed 58200K, reserved 1099776K
  class space    used 7572K, capacity 8062K, committed 8064K, reserved 1048576K
}
Event: 8.118 GC heap before
{Heap before GC invocations=13 (full 2):
 PSYoungGen      total 170496K, used 51306K [0x00000000e0000000, 0x00000000ec280000, 0x0000000100000000)
  eden space 154624K, 22% used [0x00000000e0000000,0x00000000e229aef0,0x00000000e9700000)
  from space 15872K, 99% used [0x00000000ea980000,0x00000000eb8ffa60,0x00000000eb900000)
  to   space 18944K, 0% used [0x00000000e9700000,0x00000000e9700000,0x00000000ea980000)
 ParOldGen       total 104448K, used 24967K [0x00000000a0000000, 0x00000000a6600000, 0x00000000e0000000)
  object space 104448K, 23% used [0x00000000a0000000,0x00000000a1861db0,0x00000000a6600000)
 Metaspace       used 56967K, capacity 59006K, committed 59028K, reserved 1099776K
  class space    used 7674K, capacity 8180K, committed 8192K, reserved 1048576K
Event: 8.133 GC heap after
Heap after GC invocations=13 (full 2):
 PSYoungGen      total 173568K, used 18303K [0x00000000e0000000, 0x00000000ee400000, 0x0000000100000000)
  eden space 154624K, 0% used [0x00000000e0000000,0x00000000e0000000,0x00000000e9700000)
  from space 18944K, 96% used [0x00000000e9700000,0x00000000ea8dfe90,0x00000000ea980000)
  to   space 21504K, 0% used [0x00000000ecf00000,0x00000000ecf00000,0x00000000ee400000)
 ParOldGen       total 104448K, used 24975K [0x00000000a0000000, 0x00000000a6600000, 0x00000000e0000000)
  object space 104448K, 23% used [0x00000000a0000000,0x00000000a1863db0,0x00000000a6600000)
 Metaspace       used 56967K, capacity 59006K, committed 59028K, reserved 1099776K
  class space    used 7674K, capacity 8180K, committed 8192K, reserved 1048576K
}
Event: 8.133 GC heap before
{Heap before GC invocations=14 (full 3):
 PSYoungGen      total 173568K, used 18303K [0x00000000e0000000, 0x00000000ee400000, 0x0000000100000000)
  eden space 154624K, 0% used [0x00000000e0000000,0x00000000e0000000,0x00000000e9700000)
  from space 18944K, 96% used [0x00000000e9700000,0x00000000ea8dfe90,0x00000000ea980000)
  to   space 21504K, 0% used [0x00000000ecf00000,0x00000000ecf00000,0x00000000ee400000)
 ParOldGen       total 104448K, used 24975K [0x00000000a0000000, 0x00000000a6600000, 0x00000000e0000000)
  object space 104448K, 23% used [0x00000000a0000000,0x00000000a1863db0,0x00000000a6600000)
 Metaspace       used 56967K, capacity 59006K, committed 59028K, reserved 1099776K
  class space    used 7674K, capacity 8180K, committed 8192K, reserved 1048576K
Event: 8.295 GC heap after
Heap after GC invocations=14 (full 3):
 PSYoungGen      total 173568K, used 0K [0x00000000e0000000, 0x00000000ee400000, 0x0000000100000000)
  eden space 154624K, 0% used [0x00000000e0000000,0x00000000e0000000,0x00000000e9700000)
  from space 18944K, 0% used [0x00000000e9700000,0x00000000e9700000,0x00000000ea980000)
  to   space 21504K, 0% used [0x00000000ecf00000,0x00000000ecf00000,0x00000000ee400000)
 ParOldGen       total 154624K, used 31529K [0x00000000a0000000, 0x00000000a9700000, 0x00000000e0000000)
  object space 154624K, 20% used [0x00000000a0000000,0x00000000a1eca7d0,0x00000000a9700000)
 Metaspace       used 56967K, capacity 59006K, committed 59028K, reserved 1099776K
  class space    used 7674K, capacity 8180K, committed 8192K, reserved 1048576K
}

Deoptimization events (10 events):
Event: 8.492 Thread 0x000000001932b000 Uncommon trap: reason=class_check action=maybe_recompile pc=0x0000000003a06d1c method=java.io.ObjectOutputStream.writeNonProxyDesc(Ljava/io/ObjectStreamClass;Z)V @ 44
Event: 8.492 Thread 0x000000001932b000 Uncommon trap: reason=bimorphic action=maybe_recompile pc=0x000000000387e49c method=java.io.ObjectOutputStream$BlockDataOutputStream.drain()V @ 36
Event: 8.492 Thread 0x000000001932b000 Uncommon trap: reason=bimorphic action=maybe_recompile pc=0x000000000387e49c method=java.io.ObjectOutputStream$BlockDataOutputStream.drain()V @ 36
Event: 8.492 Thread 0x000000001932b000 Uncommon trap: reason=class_check action=maybe_recompile pc=0x0000000003a06d1c method=java.io.ObjectOutputStream.writeNonProxyDesc(Ljava/io/ObjectStreamClass;Z)V @ 44
Event: 8.493 Thread 0x000000001932b000 Uncommon trap: reason=unstable_if action=reinterpret pc=0x0000000003a07dcc method=java.io.ObjectOutputStream.writeClassDesc(Ljava/io/ObjectStreamClass;Z)V @ 41
Event: 8.496 Thread 0x000000001932b000 Uncommon trap: reason=unstable_if action=reinterpret pc=0x00000000036e5df8 method=java.io.ObjectOutputStream$HandleTable.assign(Ljava/lang/Object;)I @ 24
Event: 8.505 Thread 0x000000001932b000 Uncommon trap: reason=unstable_if action=reinterpret pc=0x0000000002bea768 method=java.io.ObjectStreamClass.hasWriteReplaceMethod()Z @ 8
Event: 8.531 Thread 0x000000001ed4a000 Uncommon trap: reason=class_check action=maybe_recompile pc=0x00000000036e8b58 method=java.util.concurrent.locks.ReentrantLock.lock()V @ 4
Event: 8.531 Thread 0x000000001ed4d000 Uncommon trap: reason=class_check action=maybe_recompile pc=0x00000000036e8b58 method=java.util.concurrent.locks.ReentrantLock.lock()V @ 4
Event: 8.638 Thread 0x000000001932b000 Uncommon trap: reason=unstable_if action=reinterpret pc=0x0000000002a10d00 method=java.nio.Buffer.limit(I)Ljava/nio/Buffer; @ 33

Classes redefined (0 events):
No events

Internal exceptions (10 events):
Event: 7.310 Thread 0x000000001ed4c000 Exception <a 'java/lang/IncompatibleClassChangeError': Found class java.lang.Object, but interface was expected> (0x00000000e6a66120) thrown at [D:\src\AOSP-openjdk-cygwin\jdk8u\hotspot\src\share\vm\interpreter\linkResolver.cpp, line 643]
Event: 7.460 Thread 0x000000001ed47000 Exception <a 'java/io/FileNotFoundException'> (0x00000000e729cf80) thrown at [D:\src\AOSP-openjdk-cygwin\jdk8u\hotspot\src\share\vm\prims\jni.cpp, line 709]
Event: 7.539 Thread 0x000000001ed47000 Exception <a 'java/lang/NoSuchMethodError': java.lang.Object.lambda$asRunnable$0(Lcom/android/apkzlib/utils/IOExceptionRunnable;)V> (0x00000000e7a03628) thrown at [D:\src\AOSP-openjdk-cygwin\jdk8u\hotspot\src\share\vm\interpreter\linkResolver.cpp, line 58
Event: 7.548 Thread 0x000000001ed47000 Exception <a 'java/lang/ClassNotFoundException': org/gradle/api/plugins/JavaPluginConventionBeanInfo> (0x00000000e7addca0) thrown at [D:\src\AOSP-openjdk-cygwin\jdk8u\hotspot\src\share\vm\classfile\systemDictionary.cpp, line 210]
Event: 7.549 Thread 0x000000001ed47000 Exception <a 'java/lang/ClassNotFoundException': org/gradle/api/plugins/JavaPluginConventionCustomizer> (0x00000000e7b102e8) thrown at [D:\src\AOSP-openjdk-cygwin\jdk8u\hotspot\src\share\vm\classfile\systemDictionary.cpp, line 210]
Event: 7.567 Thread 0x000000001ed47000 Exception <a 'java/lang/NoSuchMethodError': java.lang.Object.lambda$comparing$ea9a8b3a$1(Ljava/util/Comparator;Ljava/util/function/Function;Ljava/lang/Object;Ljava/lang/Object;)I> (0x00000000e7c98b38) thrown at [D:\src\AOSP-openjdk-cygwin\jdk8u\hotspot\sr
Event: 7.582 Thread 0x000000001ed47000 Exception <a 'java/lang/NoSuchMethodError': java.lang.Object.lambda$or$2(Ljava/util/function/Predicate;Ljava/lang/Object;)Z> (0x00000000e7e28e70) thrown at [D:\src\AOSP-openjdk-cygwin\jdk8u\hotspot\src\share\vm\interpreter\linkResolver.cpp, line 584]
Event: 7.696 Thread 0x000000001ed4c000 Exception <a 'java/lang/NoSuchMethodError': <clinit>> (0x00000000e080e8a8) thrown at [D:\src\AOSP-openjdk-cygwin\jdk8u\hotspot\src\share\vm\prims\jni.cpp, line 1613]
Event: 8.391 Thread 0x000000001ed46000 Implicit null exception at 0x000000000386af28 to 0x000000000386b611
Event: 8.542 Thread 0x000000001932b000 Exception <a 'sun/nio/fs/WindowsException'> (0x00000000e2c56cc0) thrown at [D:\src\AOSP-openjdk-cygwin\jdk8u\hotspot\src\share\vm\prims\jni.cpp, line 709]

Events (10 events):
Event: 8.648 loading class com/google/wireless/android/sdk/stats/StudioProjectChangeOrBuilder
Event: 8.648 loading class com/google/wireless/android/sdk/stats/StudioProjectChangeOrBuilder done
Event: 8.648 loading class com/google/wireless/android/sdk/stats/JvmDetailsOrBuilder
Event: 8.648 loading class com/google/wireless/android/sdk/stats/JvmDetailsOrBuilder done
Event: 8.648 loading class com/google/wireless/android/sdk/stats/ApkAnalyzerStatsOrBuilder
Event: 8.648 loading class com/google/wireless/android/sdk/stats/ApkAnalyzerStatsOrBuilder done
Event: 8.648 loading class com/google/wireless/android/sdk/stats/HypervisorOrBuilder
Event: 8.648 loading class com/google/wireless/android/sdk/stats/HypervisorOrBuilder done
Event: 8.648 loading class com/google/wireless/android/sdk/stats/MetaMetricsOrBuilder
Event: 8.648 loading class com/google/wireless/android/sdk/stats/MetaMetricsOrBuilder done


Dynamic libraries:
0x00007ff6343d0000 - 0x00007ff634401000 	C:\Program Files\Android\Android Studio\jre\bin\java.exe
0x00007ffae2b80000 - 0x00007ffae2d41000 	C:\Windows\SYSTEM32\ntdll.dll
0x00007ffae08a0000 - 0x00007ffae094d000 	C:\Windows\system32\KERNEL32.DLL
0x00007ffadfb10000 - 0x00007ffadfcf8000 	C:\Windows\system32\KERNELBASE.dll
0x00007ffae0020000 - 0x00007ffae00c7000 	C:\Windows\system32\ADVAPI32.dll
0x00007ffadff80000 - 0x00007ffae001d000 	C:\Windows\system32\msvcrt.dll
0x00007ffae2320000 - 0x00007ffae237b000 	C:\Windows\system32\sechost.dll
0x00007ffae2200000 - 0x00007ffae231c000 	C:\Windows\system32\RPCRT4.dll
0x00007ffae00e0000 - 0x00007ffae0236000 	C:\Windows\system32\USER32.dll
0x00007ffae2400000 - 0x00007ffae2586000 	C:\Windows\system32\GDI32.dll
0x00007ffad6790000 - 0x00007ffad6a04000 	C:\Windows\WinSxS\amd64_microsoft.windows.common-controls_6595b64144ccf1df_6.0.10586.0_none_8c15ae12515e1c22\COMCTL32.dll
0x00007ffae0460000 - 0x00007ffae06dd000 	C:\Windows\system32\combase.dll
0x00007ffadfec0000 - 0x00007ffadff2a000 	C:\Windows\system32\bcryptPrimitives.dll
0x00007ffae0350000 - 0x00007ffae038b000 	C:\Windows\system32\IMM32.DLL
0x00000000718d0000 - 0x00000000719a2000 	C:\Program Files\Android\Android Studio\jre\jre\bin\msvcr100.dll
0x0000000070a90000 - 0x00000000712ce000 	C:\Program Files\Android\Android Studio\jre\jre\bin\server\jvm.dll
0x00007ffae00d0000 - 0x00007ffae00d8000 	C:\Windows\system32\PSAPI.DLL
0x00007ffad5ab0000 - 0x00007ffad5ab9000 	C:\Windows\SYSTEM32\WSOCK32.dll
0x00007ffadd280000 - 0x00007ffadd2a3000 	C:\Windows\SYSTEM32\WINMM.dll
0x00007ffadbcf0000 - 0x00007ffadbcfa000 	C:\Windows\SYSTEM32\VERSION.dll
0x00007ffae2390000 - 0x00007ffae23fb000 	C:\Windows\system32\WS2_32.dll
0x0000000000920000 - 0x000000000094c000 	C:\Windows\SYSTEM32\WINMMBASE.dll
0x00007ffadff30000 - 0x00007ffadff73000 	C:\Windows\system32\cfgmgr32.dll
0x00007ffadd2d0000 - 0x00007ffadd2df000 	C:\Program Files\Android\Android Studio\jre\jre\bin\verify.dll
0x00007ffada370000 - 0x00007ffada399000 	C:\Program Files\Android\Android Studio\jre\jre\bin\java.dll
0x00007ffad2c70000 - 0x00007ffad2c86000 	C:\Program Files\Android\Android Studio\jre\jre\bin\zip.dll
0x00007ffae0950000 - 0x00007ffae1eaf000 	C:\Windows\system32\SHELL32.dll
0x00007ffadf2f0000 - 0x00007ffadf934000 	C:\Windows\system32\windows.storage.dll
0x00007ffae2130000 - 0x00007ffae2182000 	C:\Windows\system32\shlwapi.dll
0x00007ffadf220000 - 0x00007ffadf22f000 	C:\Windows\system32\kernel.appcore.dll
0x00007ffadf230000 - 0x00007ffadf2e5000 	C:\Windows\system32\shcore.dll
0x00007ffadf1c0000 - 0x00007ffadf20b000 	C:\Windows\system32\powrprof.dll
0x00007ffadf1a0000 - 0x00007ffadf1b4000 	C:\Windows\system32\profapi.dll
0x00007ffad2c50000 - 0x00007ffad2c6a000 	C:\Program Files\Android\Android Studio\jre\jre\bin\net.dll
0x00007ffadead0000 - 0x00007ffadeb2c000 	C:\Windows\system32\mswsock.dll
0x00007ffad1640000 - 0x00007ffad1651000 	C:\Program Files\Android\Android Studio\jre\jre\bin\nio.dll
0x00007ffad0380000 - 0x00007ffad039e000 	C:\Users\Szymek\.gradle\native\25\windows-amd64\native-platform.dll
0x00007ffada4f0000 - 0x00007ffada4fd000 	C:\Program Files\Android\Android Studio\jre\jre\bin\management.dll
0x00007ffadeb80000 - 0x00007ffadeb97000 	C:\Windows\SYSTEM32\CRYPTSP.dll
0x00007ffade810000 - 0x00007ffade844000 	C:\Windows\system32\rsaenh.dll
0x00007ffadeda0000 - 0x00007ffadedc9000 	C:\Windows\SYSTEM32\bcrypt.dll
0x00007ffade960000 - 0x00007ffade97f000 	C:\Windows\SYSTEM32\USERENV.dll
0x00007ffadeca0000 - 0x00007ffadecab000 	C:\Windows\SYSTEM32\CRYPTBASE.dll
0x00007ffadcba0000 - 0x00007ffadcbd8000 	C:\Windows\SYSTEM32\IPHLPAPI.DLL
0x00007ffae2380000 - 0x00007ffae2388000 	C:\Windows\system32\NSI.dll
0x00007ffad76f0000 - 0x00007ffad7706000 	C:\Windows\SYSTEM32\dhcpcsvc6.DLL
0x00007ffad76d0000 - 0x00007ffad76ea000 	C:\Windows\SYSTEM32\dhcpcsvc.DLL

VM Arguments:
jvm_args: -Xmx1536m -Dfile.encoding=windows-1250 -Duser.country=PL -Duser.language=pl -Duser.variant 
java_command: org.gradle.launcher.daemon.bootstrap.GradleDaemon 4.1
java_class_path (initial): C:\Users\Szymek\.gradle\wrapper\dists\gradle-4.1-all\bzyivzo6n839fup2jbap0tjew\gradle-4.1\lib\gradle-launcher-4.1.jar
Launcher Type: SUN_STANDARD

Environment Variables:
PATH=C:\ProgramData\Oracle\Java\javapath;C:\Windows\system32;C:\Windows;C:\Windows\System32\Wbem;C:\Windows\System32\WindowsPowerShell\v1.0\;C:\Users\Szymek\.dnx\bin;C:\Program Files\Microsoft DNX\Dnvm\;C:\Program Files\Microsoft SQL Server\130\Tools\Binn\;C:\Program Files (x86)\Windows Kits\8.1\Windows Performance Toolkit\;C:\Program Files (x86)\Skype\Phone\;C:\Program Files\nodejs\;C:\Program Files\MATLAB\R2012b\runtime\win64;C:\Program Files\MATLAB\R2012b\bin;C:\Program Files (x86)\Common Files\Apple\Apple Application Support;C:\Program Files (x86)\NVIDIA Corporation\PhysX\Common;C:\Program Files (x86)\OpenVPN\bin;C:\Program Files (x86)\Common Files\Symbian\tools;C:\Users\Szymek\AppData\Roaming\npm;C:\Users\Szymek\AppData\Local\GitHubDesktop\bin
USERNAME=Szymek
OS=Windows_NT
PROCESSOR_IDENTIFIER=Intel64 Family 6 Model 94 Stepping 3, GenuineIntel



---------------  S Y S T E M  ---------------

OS: Windows 10.0 , 64 bit Build 10586 (10.0.10586.0)

CPU:total 4 (initial active 4) (4 cores per cpu, 1 threads per core) family 6 model 94 stepping 3, cmov, cx8, fxsr, mmx, sse, sse2, sse3, ssse3, sse4.1, sse4.2, popcnt, avx, avx2, aes, clmul, erms, 3dnowpref, lzcnt, tsc, tscinvbit, bmi1, bmi2, adx

Memory: 4k page, physical 8334224k(1679704k free), swap 11427416k(5032k free)

vm_info: OpenJDK 64-Bit Server VM (25.152-b01) for windows-amd64 JRE (1.8.0_152-release-915-b01), built by "builder" with MS VC++ 10.0 (VS2010)

time: Sun May 13 23:16:50 2018
elapsed time: 8 seconds (0d 0h 0m 8s)

