#
# There is insufficient memory for the Java Runtime Environment to continue.
# Native memory allocation (malloc) failed to allocate 1844880 bytes for Chunk::new
# Possible reasons:
#   The system is out of physical RAM or swap space
#   In 32 bit mode, the process size limit was hit
# Possible solutions:
#   Reduce memory load on the system
#   Increase physical memory or swap space
#   Check if swap backing store is full
#   Use 64 bit Java on a 64 bit OS
#   Decrease Java heap size (-Xmx/-Xms)
#   Decrease number of Java threads
#   Decrease Java thread stack sizes (-Xss)
#   Set larger code cache with -XX:ReservedCodeCacheSize=
# This output file may be truncated or incomplete.
#
#  Out of Memory Error (allocation.cpp:390), pid=1512, tid=0x0000000000001184
#
# JRE version: OpenJDK Runtime Environment (8.0_152-b01) (build 1.8.0_152-release-915-b01)
# Java VM: OpenJDK 64-Bit Server VM (25.152-b01 mixed mode windows-amd64 compressed oops)
# Failed to write core dump. Minidumps are not enabled by default on client versions of Windows
#

---------------  T H R E A D  ---------------

Current thread (0x0000000015cfb000):  JavaThread "C2 CompilerThread0" daemon [_thread_in_native, id=4484, stack(0x0000000017340000,0x0000000017440000)]

Stack: [0x0000000017340000,0x0000000017440000]
[error occurred during error reporting (printing stack bounds), id 0xc0000005]

Native frames: (J=compiled Java code, j=interpreted, Vv=VM code, C=native code)


Current CompileTask:
C2:   2044 1278       4       java.net.URLClassLoader$1::run (5 bytes)


---------------  P R O C E S S  ---------------

Java Threads: ( => current thread )
  0x0000000019170000 JavaThread "Cache worker for file hash cache (C:\Users\Szymek\Documents\GitHub\SqliteApp\.gradle\4.1\fileHashes)" [_thread_blocked, id=5060, stack(0x000000001b820000,0x000000001b920000)]
  0x000000001916f800 JavaThread "File lock request listener" [_thread_in_native, id=4364, stack(0x000000001a550000,0x000000001a650000)]
  0x0000000019187000 JavaThread "Cache worker for file hash cache (C:\Users\Szymek\.gradle\caches\4.1\fileHashes)" [_thread_blocked, id=896, stack(0x000000001a450000,0x000000001a550000)]
  0x0000000018b05800 JavaThread "Stdin handler" [_thread_blocked, id=172, stack(0x000000001a350000,0x000000001a450000)]
  0x0000000018b03800 JavaThread "Asynchronous log dispatcher for DefaultDaemonConnection: socket connection from /127.0.0.1:57116 to /127.0.0.1:57117" [_thread_blocked, id=5040, stack(0x000000001a250000,0x000000001a350000)]
  0x0000000019050000 JavaThread "Daemon worker" [_thread_in_vm, id=4368, stack(0x000000001a150000,0x000000001a250000)]
  0x0000000018e0a000 JavaThread "Cancel handler" [_thread_blocked, id=4264, stack(0x000000001a050000,0x000000001a150000)]
  0x0000000018b7a800 JavaThread "Handler for socket connection from /127.0.0.1:57116 to /127.0.0.1:57117" [_thread_in_native, id=4224, stack(0x0000000019d50000,0x0000000019e50000)]
  0x0000000018a3b800 JavaThread "Daemon" [_thread_blocked, id=5096, stack(0x0000000019c50000,0x0000000019d50000)]
  0x000000001872b000 JavaThread "Daemon periodic checks" [_thread_blocked, id=3412, stack(0x0000000019b50000,0x0000000019c50000)]
  0x0000000018b51000 JavaThread "Incoming local TCP Connector on port 57116" [_thread_in_native, id=4396, stack(0x0000000019950000,0x0000000019a50000)]
  0x0000000017664000 JavaThread "Service Thread" daemon [_thread_blocked, id=3816, stack(0x0000000017a40000,0x0000000017b40000)]
  0x0000000015cf0000 JavaThread "C1 CompilerThread2" daemon [_thread_blocked, id=2524, stack(0x0000000017540000,0x0000000017640000)]
  0x0000000015ceb000 JavaThread "C2 CompilerThread1" daemon [_thread_in_native, id=2200, stack(0x0000000017440000,0x0000000017540000)]
=>0x0000000015cfb000 JavaThread "C2 CompilerThread0" daemon [_thread_in_native, id=4484, stack(0x0000000017340000,0x0000000017440000)]
  0x0000000015cfa000 JavaThread "Attach Listener" daemon [_thread_blocked, id=3280, stack(0x0000000017240000,0x0000000017340000)]
  0x0000000015cf9000 JavaThread "Signal Dispatcher" daemon [_thread_blocked, id=1392, stack(0x0000000017140000,0x0000000017240000)]
  0x0000000015cde000 JavaThread "Finalizer" daemon [_thread_blocked, id=2620, stack(0x0000000016f40000,0x0000000017040000)]
  0x0000000002372800 JavaThread "Reference Handler" daemon [_thread_blocked, id=3304, stack(0x0000000016e40000,0x0000000016f40000)]
  0x000000000207e800 JavaThread "main" [_thread_blocked, id=3308, stack(0x0000000002180000,0x0000000002280000)]

Other Threads:
  0x0000000015cb6800 VMThread [stack: 0x0000000016d40000,0x0000000016e40000] [id=1300]
  0x0000000017685800 WatcherThread [stack: 0x0000000017b40000,0x0000000017c40000] [id=1044]

VM state:not at safepoint (normal execution)

VM Mutex/Monitor currently owned by a thread: None

Heap:
 PSYoungGen      total 71680K, used 44532K [0x00000000e0000000, 0x00000000e4b00000, 0x0000000100000000)
  eden space 66560K, 59% used [0x00000000e0000000,0x00000000e2682bb8,0x00000000e4100000)
  from space 5120K, 99% used [0x00000000e4600000,0x00000000e4afa828,0x00000000e4b00000)
  to   space 5120K, 0% used [0x00000000e4100000,0x00000000e4100000,0x00000000e4600000)
 ParOldGen       total 87552K, used 1075K [0x00000000a0000000, 0x00000000a5580000, 0x00000000e0000000)
  object space 87552K, 1% used [0x00000000a0000000,0x00000000a010ced8,0x00000000a5580000)
 Metaspace       used 16232K, capacity 16596K, committed 16896K, reserved 1062912K
  class space    used 2314K, capacity 2450K, committed 2560K, reserved 1048576K

Card table byte_map: [0x0000000011740000,0x0000000011a50000] byte_map_base: 0x0000000011240000

Marking Bits: (ParMarkBitMap*) 0x000000005fa33950
 Begin Bits: [0x0000000012050000, 0x0000000013850000)
 End Bits:   [0x0000000013850000, 0x0000000015050000)

Polling page: 0x00000000001f0000

CodeCache: size=245760Kb used=5057Kb max_used=5057Kb free=240703Kb
 bounds [0x0000000002380000, 0x0000000002880000, 0x0000000011380000]
 total_blobs=1821 nmethods=1448 adapters=286
 compilation: enabled

Compilation events (10 events):
Event: 2.029 Thread 0x0000000015cf0000 1449       3       java.io.ObjectStreamClass::getClassSignature (242 bytes)
Event: 2.032 Thread 0x0000000015cf0000 nmethod 1449 0x0000000002868ad0 code [0x00000000028691a0, 0x000000000286e078]
Event: 2.032 Thread 0x0000000015cf0000 1450       1       java.lang.reflect.Constructor::getConstructorAccessor (5 bytes)
Event: 2.032 Thread 0x0000000015cf0000 nmethod 1450 0x0000000002871210 code [0x0000000002871360, 0x0000000002871470]
Event: 2.034 Thread 0x0000000015cf0000 1451       3       java.util.concurrent.locks.ReentrantLock$Sync::<init> (5 bytes)
Event: 2.034 Thread 0x0000000015cf0000 nmethod 1451 0x00000000028714d0 code [0x0000000002871640, 0x00000000028718b0]
Event: 2.034 Thread 0x0000000015cf0000 1452       3       java.util.concurrent.locks.ReentrantLock$NonfairSync::<init> (5 bytes)
Event: 2.034 Thread 0x0000000015cf0000 nmethod 1452 0x00000000028719d0 code [0x0000000002871b40, 0x0000000002871e10]
Event: 2.040 Thread 0x0000000015cf0000 1453       3       sun.nio.fs.WindowsPathParser::isSlash (18 bytes)
Event: 2.040 Thread 0x0000000015cf0000 nmethod 1453 0x0000000002871f50 code [0x00000000028720a0, 0x0000000002872270]

GC Heap History (4 events):
Event: 0.646 GC heap before
{Heap before GC invocations=1 (full 0):
 PSYoungGen      total 38400K, used 33110K [0x00000000e0000000, 0x00000000e2a80000, 0x0000000100000000)
  eden space 33280K, 99% used [0x00000000e0000000,0x00000000e2055aa8,0x00000000e2080000)
  from space 5120K, 0% used [0x00000000e2580000,0x00000000e2580000,0x00000000e2a80000)
  to   space 5120K, 0% used [0x00000000e2080000,0x00000000e2080000,0x00000000e2580000)
 ParOldGen       total 87552K, used 0K [0x00000000a0000000, 0x00000000a5580000, 0x00000000e0000000)
  object space 87552K, 0% used [0x00000000a0000000,0x00000000a0000000,0x00000000a5580000)
 Metaspace       used 6907K, capacity 7128K, committed 7424K, reserved 1056768K
  class space    used 838K, capacity 909K, committed 1024K, reserved 1048576K
Event: 0.659 GC heap after
Heap after GC invocations=1 (full 0):
 PSYoungGen      total 38400K, used 4338K [0x00000000e0000000, 0x00000000e4b00000, 0x0000000100000000)
  eden space 33280K, 0% used [0x00000000e0000000,0x00000000e0000000,0x00000000e2080000)
  from space 5120K, 84% used [0x00000000e2080000,0x00000000e24bcb88,0x00000000e2580000)
  to   space 5120K, 0% used [0x00000000e4600000,0x00000000e4600000,0x00000000e4b00000)
 ParOldGen       total 87552K, used 8K [0x00000000a0000000, 0x00000000a5580000, 0x00000000e0000000)
  object space 87552K, 0% used [0x00000000a0000000,0x00000000a0002000,0x00000000a5580000)
 Metaspace       used 6907K, capacity 7128K, committed 7424K, reserved 1056768K
  class space    used 838K, capacity 909K, committed 1024K, reserved 1048576K
}
Event: 1.452 GC heap before
{Heap before GC invocations=2 (full 0):
 PSYoungGen      total 38400K, used 37618K [0x00000000e0000000, 0x00000000e4b00000, 0x0000000100000000)
  eden space 33280K, 100% used [0x00000000e0000000,0x00000000e2080000,0x00000000e2080000)
  from space 5120K, 84% used [0x00000000e2080000,0x00000000e24bcb88,0x00000000e2580000)
  to   space 5120K, 0% used [0x00000000e4600000,0x00000000e4600000,0x00000000e4b00000)
 ParOldGen       total 87552K, used 8K [0x00000000a0000000, 0x00000000a5580000, 0x00000000e0000000)
  object space 87552K, 0% used [0x00000000a0000000,0x00000000a0002000,0x00000000a5580000)
 Metaspace       used 12309K, capacity 12664K, committed 12928K, reserved 1060864K
  class space    used 1659K, capacity 1804K, committed 1920K, reserved 1048576K
Event: 1.457 GC heap after
Heap after GC invocations=2 (full 0):
 PSYoungGen      total 71680K, used 5098K [0x00000000e0000000, 0x00000000e4b00000, 0x0000000100000000)
  eden space 66560K, 0% used [0x00000000e0000000,0x00000000e0000000,0x00000000e4100000)
  from space 5120K, 99% used [0x00000000e4600000,0x00000000e4afa828,0x00000000e4b00000)
  to   space 5120K, 0% used [0x00000000e4100000,0x00000000e4100000,0x00000000e4600000)
 ParOldGen       total 87552K, used 1075K [0x00000000a0000000, 0x00000000a5580000, 0x00000000e0000000)
  object space 87552K, 1% used [0x00000000a0000000,0x00000000a010ced8,0x00000000a5580000)
 Metaspace       used 12309K, capacity 12664K, committed 12928K, reserved 1060864K
  class space    used 1659K, capacity 1804K, committed 1920K, reserved 1048576K
}

Deoptimization events (10 events):
Event: 1.162 Thread 0x000000000207e800 Uncommon trap: reason=unstable_if action=reinterpret pc=0x0000000002696cfc method=java.io.WinNTFileSystem.normalize(Ljava/lang/String;)Ljava/lang/String; @ 128
Event: 1.162 Thread 0x000000000207e800 Uncommon trap: reason=unstable_if action=reinterpret pc=0x0000000002674264 method=java.io.WinNTFileSystem.normalize(Ljava/lang/String;II)Ljava/lang/String; @ 90
Event: 1.415 Thread 0x0000000019050000 Uncommon trap: reason=bimorphic action=maybe_recompile pc=0x00000000026a3ce8 method=java.util.HashMap.putVal(ILjava/lang/Object;Ljava/lang/Object;ZZ)Ljava/lang/Object; @ 253
Event: 1.415 Thread 0x0000000019050000 Uncommon trap: reason=bimorphic action=maybe_recompile pc=0x00000000026a3ce8 method=java.util.HashMap.putVal(ILjava/lang/Object;Ljava/lang/Object;ZZ)Ljava/lang/Object; @ 253
Event: 1.415 Thread 0x0000000019050000 Uncommon trap: reason=bimorphic action=maybe_recompile pc=0x00000000026aaeec method=java.util.HashMap.putVal(ILjava/lang/Object;Ljava/lang/Object;ZZ)Ljava/lang/Object; @ 253
Event: 1.591 Thread 0x0000000019050000 Uncommon trap: reason=class_check action=maybe_recompile pc=0x00000000025e96dc method=java.util.regex.Matcher.match(II)Z @ 86
Event: 1.592 Thread 0x0000000019050000 Uncommon trap: reason=class_check action=maybe_recompile pc=0x00000000025e96dc method=java.util.regex.Matcher.match(II)Z @ 86
Event: 1.665 Thread 0x0000000019050000 Uncommon trap: reason=unstable_if action=reinterpret pc=0x00000000027dbff4 method=java.lang.String.lastIndexOf([CII[CIII)I @ 66
Event: 1.953 Thread 0x0000000019050000 Uncommon trap: reason=unstable_if action=reinterpret pc=0x00000000024d3048 method=java.net.URI.match(CJJ)Z @ 19
Event: 1.953 Thread 0x0000000019050000 Uncommon trap: reason=unstable_if action=reinterpret pc=0x0000000002621600 method=java.net.URI.match(CJJ)Z @ 19

Classes redefined (0 events):
No events

Internal exceptions (10 events):
Event: 1.372 Thread 0x0000000018b7a800 Exception <a 'java/lang/NoSuchMethodError': <clinit>> (0x00000000e1aa5360) thrown at [D:\src\AOSP-openjdk-cygwin\jdk8u\hotspot\src\share\vm\prims\jni.cpp, line 1613]
Event: 1.374 Thread 0x0000000018b7a800 Exception <a 'java/lang/NoSuchMethodError': <clinit>> (0x00000000e1acecf8) thrown at [D:\src\AOSP-openjdk-cygwin\jdk8u\hotspot\src\share\vm\prims\jni.cpp, line 1613]
Event: 1.375 Thread 0x0000000018b7a800 Exception <a 'java/lang/NoSuchMethodError': <clinit>> (0x00000000e1adc550) thrown at [D:\src\AOSP-openjdk-cygwin\jdk8u\hotspot\src\share\vm\prims\jni.cpp, line 1613]
Event: 1.377 Thread 0x0000000018b7a800 Exception <a 'java/lang/NoSuchMethodError': <clinit>> (0x00000000e1b00ca0) thrown at [D:\src\AOSP-openjdk-cygwin\jdk8u\hotspot\src\share\vm\prims\jni.cpp, line 1613]
Event: 1.403 Thread 0x0000000019050000 Exception <a 'java/lang/NoSuchMethodError': <clinit>> (0x00000000e1bed560) thrown at [D:\src\AOSP-openjdk-cygwin\jdk8u\hotspot\src\share\vm\prims\jni.cpp, line 1613]
Event: 1.403 Thread 0x0000000019050000 Exception <a 'java/lang/NoSuchMethodError': <clinit>> (0x00000000e1bf57e8) thrown at [D:\src\AOSP-openjdk-cygwin\jdk8u\hotspot\src\share\vm\prims\jni.cpp, line 1613]
Event: 2.028 Thread 0x0000000019050000 Exception <a 'java/lang/NoSuchMethodError': <clinit>> (0x00000000e24bdf98) thrown at [D:\src\AOSP-openjdk-cygwin\jdk8u\hotspot\src\share\vm\prims\jni.cpp, line 1613]
Event: 2.028 Thread 0x0000000019050000 Exception <a 'java/lang/NoSuchMethodError': <clinit>> (0x00000000e24c0938) thrown at [D:\src\AOSP-openjdk-cygwin\jdk8u\hotspot\src\share\vm\prims\jni.cpp, line 1613]
Event: 2.029 Thread 0x0000000019050000 Exception <a 'java/lang/NoSuchMethodError': <clinit>> (0x00000000e24cdf28) thrown at [D:\src\AOSP-openjdk-cygwin\jdk8u\hotspot\src\share\vm\prims\jni.cpp, line 1613]
Event: 2.030 Thread 0x0000000019050000 Exception <a 'java/lang/NoSuchMethodError': <clinit>> (0x00000000e24d96a8) thrown at [D:\src\AOSP-openjdk-cygwin\jdk8u\hotspot\src\share\vm\prims\jni.cpp, line 1613]

Events (10 events):
Event: 2.041 loading class sun/nio/fs/AbstractBasicFileAttributeView done
Event: 2.041 loading class sun/nio/fs/WindowsFileAttributeViews$Basic done
Event: 2.041 loading class org/gradle/internal/nativeintegration/filesystem/DefaultFileMetadata
Event: 2.041 loading class org/gradle/internal/nativeintegration/filesystem/DefaultFileMetadata done
Event: 2.042 loading class org/gradle/internal/nativeintegration/filesystem/FileType
Event: 2.042 loading class org/gradle/internal/nativeintegration/filesystem/FileType done
Event: 2.042 loading class java/nio/file/attribute/FileTime
Event: 2.043 loading class java/nio/file/attribute/FileTime done
Event: 2.043 loading class org/gradle/cache/internal/CrossProcessSynchronizingCache$1
Event: 2.043 loading class org/gradle/cache/internal/CrossProcessSynchronizingCache$1 done


Dynamic libraries:
0x00007ff6e6380000 - 0x00007ff6e63b1000 	C:\Program Files\Android\Android Studio\jre\bin\java.exe
0x00007fff03dc0000 - 0x00007fff03f81000 	C:\Windows\SYSTEM32\ntdll.dll
0x00007fff01470000 - 0x00007fff0151d000 	C:\Windows\system32\KERNEL32.DLL
0x00007fff00b50000 - 0x00007fff00d38000 	C:\Windows\system32\KERNELBASE.dll
0x00007fff01a30000 - 0x00007fff01ad7000 	C:\Windows\system32\ADVAPI32.dll
0x00007fff02330000 - 0x00007fff023cd000 	C:\Windows\system32\msvcrt.dll
0x00007fff016b0000 - 0x00007fff0170b000 	C:\Windows\system32\sechost.dll
0x00007fff01910000 - 0x00007fff01a2c000 	C:\Windows\system32\RPCRT4.dll
0x00007fff01740000 - 0x00007fff01896000 	C:\Windows\system32\USER32.dll
0x00007fff03c30000 - 0x00007fff03db6000 	C:\Windows\system32\GDI32.dll
0x00007ffef7340000 - 0x00007ffef75b4000 	C:\Windows\WinSxS\amd64_microsoft.windows.common-controls_6595b64144ccf1df_6.0.10586.0_none_8c15ae12515e1c22\COMCTL32.dll
0x00007fff01c80000 - 0x00007fff01efd000 	C:\Windows\system32\combase.dll
0x00007fff00490000 - 0x00007fff004fa000 	C:\Windows\system32\bcryptPrimitives.dll
0x00007fff02690000 - 0x00007fff026cb000 	C:\Windows\system32\IMM32.DLL
0x000000005f190000 - 0x000000005f262000 	C:\Program Files\Android\Android Studio\jre\jre\bin\msvcr100.dll
0x000000005f270000 - 0x000000005faae000 	C:\Program Files\Android\Android Studio\jre\jre\bin\server\jvm.dll
0x00007fff01710000 - 0x00007fff01718000 	C:\Windows\system32\PSAPI.DLL
0x00007ffef6270000 - 0x00007ffef6279000 	C:\Windows\SYSTEM32\WSOCK32.dll
0x00007fff018a0000 - 0x00007fff0190b000 	C:\Windows\system32\WS2_32.dll
0x00007ffefeaf0000 - 0x00007ffefeb13000 	C:\Windows\SYSTEM32\WINMM.dll
0x00007ffefca20000 - 0x00007ffefca2a000 	C:\Windows\SYSTEM32\VERSION.dll
0x00007ffefeac0000 - 0x00007ffefeaec000 	C:\Windows\SYSTEM32\WINMMBASE.dll
0x00007fff01110000 - 0x00007fff01153000 	C:\Windows\system32\cfgmgr32.dll
0x00007ffefe360000 - 0x00007ffefe36f000 	C:\Program Files\Android\Android Studio\jre\jre\bin\verify.dll
0x00007ffef2870000 - 0x00007ffef2899000 	C:\Program Files\Android\Android Studio\jre\jre\bin\java.dll
0x00007ffef4800000 - 0x00007ffef4816000 	C:\Program Files\Android\Android Studio\jre\jre\bin\zip.dll
0x00007fff026d0000 - 0x00007fff03c2f000 	C:\Windows\system32\SHELL32.dll
0x00007fff00500000 - 0x00007fff00b44000 	C:\Windows\system32\windows.storage.dll
0x00007fff02480000 - 0x00007fff024d2000 	C:\Windows\system32\shlwapi.dll
0x00007fff00460000 - 0x00007fff0046f000 	C:\Windows\system32\kernel.appcore.dll
0x00007fff00d40000 - 0x00007fff00df5000 	C:\Windows\system32\shcore.dll
0x00007fff00400000 - 0x00007fff0044b000 	C:\Windows\system32\powrprof.dll
0x00007fff003e0000 - 0x00007fff003f4000 	C:\Windows\system32\profapi.dll
0x00007ffef2850000 - 0x00007ffef286a000 	C:\Program Files\Android\Android Studio\jre\jre\bin\net.dll
0x00007ffeffd10000 - 0x00007ffeffd6c000 	C:\Windows\system32\mswsock.dll
0x00007ffef2830000 - 0x00007ffef2841000 	C:\Program Files\Android\Android Studio\jre\jre\bin\nio.dll
0x00007ffef22a0000 - 0x00007ffef22be000 	C:\Users\Szymek\.gradle\native\25\windows-amd64\native-platform.dll
0x00007ffefbb60000 - 0x00007ffefbb6d000 	C:\Program Files\Android\Android Studio\jre\jre\bin\management.dll
0x00007ffeffdc0000 - 0x00007ffeffdd7000 	C:\Windows\SYSTEM32\CRYPTSP.dll
0x00007ffeffa50000 - 0x00007ffeffa84000 	C:\Windows\system32\rsaenh.dll
0x00007ffefffe0000 - 0x00007fff00009000 	C:\Windows\SYSTEM32\bcrypt.dll
0x00007ffeffba0000 - 0x00007ffeffbbf000 	C:\Windows\SYSTEM32\USERENV.dll
0x00007ffeffee0000 - 0x00007ffeffeeb000 	C:\Windows\SYSTEM32\CRYPTBASE.dll
0x00007ffefd450000 - 0x00007ffefd488000 	C:\Windows\SYSTEM32\IPHLPAPI.DLL
0x00007fff01bf0000 - 0x00007fff01bf8000 	C:\Windows\system32\NSI.dll
0x00007ffef9fd0000 - 0x00007ffef9fe6000 	C:\Windows\SYSTEM32\dhcpcsvc6.DLL
0x00007ffef9f10000 - 0x00007ffef9f2a000 	C:\Windows\SYSTEM32\dhcpcsvc.DLL

VM Arguments:
jvm_args: -Xmx1536m -Dfile.encoding=windows-1250 -Duser.country=PL -Duser.language=pl -Duser.variant 
java_command: org.gradle.launcher.daemon.bootstrap.GradleDaemon 4.1
java_class_path (initial): C:\Users\Szymek\.gradle\wrapper\dists\gradle-4.1-all\bzyivzo6n839fup2jbap0tjew\gradle-4.1\lib\gradle-launcher-4.1.jar
Launcher Type: SUN_STANDARD

Environment Variables:
PATH=C:\ProgramData\Oracle\Java\javapath;C:\Windows\system32;C:\Windows;C:\Windows\System32\Wbem;C:\Windows\System32\WindowsPowerShell\v1.0\;C:\Users\Szymek\.dnx\bin;C:\Program Files\Microsoft DNX\Dnvm\;C:\Program Files\Microsoft SQL Server\130\Tools\Binn\;C:\Program Files (x86)\Windows Kits\8.1\Windows Performance Toolkit\;C:\Program Files (x86)\Skype\Phone\;C:\Program Files\nodejs\;C:\Program Files\MATLAB\R2012b\runtime\win64;C:\Program Files\MATLAB\R2012b\bin;C:\Program Files (x86)\Common Files\Apple\Apple Application Support;C:\Program Files (x86)\NVIDIA Corporation\PhysX\Common;C:\Program Files (x86)\OpenVPN\bin;C:\Program Files (x86)\Common Files\Symbian\tools;C:\Users\Szymek\AppData\Roaming\npm;C:\Users\Szymek\AppData\Local\GitHubDesktop\bin
USERNAME=Szymek
OS=Windows_NT
PROCESSOR_IDENTIFIER=Intel64 Family 6 Model 94 Stepping 3, GenuineIntel



---------------  S Y S T E M  ---------------

OS: Windows 10.0 , 64 bit Build 10586 (10.0.10586.0)

CPU:total 4 (initial active 4) (4 cores per cpu, 1 threads per core) family 6 model 94 stepping 3, cmov, cx8, fxsr, mmx, sse, sse2, sse3, ssse3, sse4.1, sse4.2, popcnt, avx, avx2, aes, clmul, erms, 3dnowpref, lzcnt, tsc, tscinvbit, bmi1, bmi2, adx

Memory: 4k page, physical 8334224k(1740524k free), swap 10791696k(5748k free)

vm_info: OpenJDK 64-Bit Server VM (25.152-b01) for windows-amd64 JRE (1.8.0_152-release-915-b01), built by "builder" with MS VC++ 10.0 (VS2010)

time: Sat May 26 14:38:39 2018
elapsed time: 2 seconds (0d 0h 0m 2s)

