#
# There is insufficient memory for the Java Runtime Environment to continue.
# Native memory allocation (malloc) failed to allocate 1469776 bytes for Chunk::new
# Possible reasons:
#   The system is out of physical RAM or swap space
#   In 32 bit mode, the process size limit was hit
# Possible solutions:
#   Reduce memory load on the system
#   Increase physical memory or swap space
#   Check if swap backing store is full
#   Use 64 bit Java on a 64 bit OS
#   Decrease Java heap size (-Xmx/-Xms)
#   Decrease number of Java threads
#   Decrease Java thread stack sizes (-Xss)
#   Set larger code cache with -XX:ReservedCodeCacheSize=
# This output file may be truncated or incomplete.
#
#  Out of Memory Error (allocation.cpp:390), pid=8884, tid=0x0000000000001628
#
# JRE version: OpenJDK Runtime Environment (8.0_152-b01) (build 1.8.0_152-release-915-b01)
# Java VM: OpenJDK 64-Bit Server VM (25.152-b01 mixed mode windows-amd64 compressed oops)
# Failed to write core dump. Minidumps are not enabled by default on client versions of Windows
#

---------------  T H R E A D  ---------------

Current thread (0x0000000015cbb000):  JavaThread "C2 CompilerThread1" daemon [_thread_in_native, id=5672, stack(0x0000000017410000,0x0000000017510000)]

Stack: [0x0000000017410000,0x0000000017510000]
[error occurred during error reporting (printing stack bounds), id 0xc0000005]

Native frames: (J=compiled Java code, j=interpreted, Vv=VM code, C=native code)


Current CompileTask:
C2:  28386 8255       4       java.lang.Class::privateGetMethodRecursive (130 bytes)


---------------  P R O C E S S  ---------------

Java Threads: ( => current thread )
  0x0000000017ff3800 JavaThread "build operations Thread 4" [_thread_blocked, id=8532, stack(0x0000000028b50000,0x0000000028c50000)]
  0x0000000017ff6000 JavaThread "build operations Thread 3" [_thread_blocked, id=8572, stack(0x0000000028a50000,0x0000000028b50000)]
  0x0000000017ff9000 JavaThread "build operations Thread 2" [_thread_blocked, id=9172, stack(0x0000000028950000,0x0000000028a50000)]
  0x0000000017ff1800 JavaThread "build operations" [_thread_blocked, id=7624, stack(0x0000000028850000,0x0000000028950000)]
  0x0000000017ff8800 JavaThread "Cache worker for Artifact transforms cache (C:\Users\Szymek\.gradle\caches\transforms-1)" [_thread_blocked, id=8920, stack(0x0000000028750000,0x0000000028850000)]
  0x0000000017ff0800 JavaThread "Cache worker for file hash cache (C:\Users\Szymek\Documents\GitHub\SqliteApp\.gradle\4.1\fileHashes)" [_thread_blocked, id=4304, stack(0x0000000028650000,0x0000000028750000)]
  0x0000000017ff3000 JavaThread "Stdin handler" [_thread_blocked, id=4156, stack(0x0000000028550000,0x0000000028650000)]
  0x0000000017ff7800 JavaThread "Asynchronous log dispatcher for DefaultDaemonConnection: socket connection from /127.0.0.1:52594 to /127.0.0.1:52683" [_thread_blocked, id=6208, stack(0x0000000028450000,0x0000000028550000)]
  0x0000000017ff0000 JavaThread "Cancel handler" [_thread_blocked, id=8664, stack(0x0000000028350000,0x0000000028450000)]
  0x0000000017fef000 JavaThread "Handler for socket connection from /127.0.0.1:52594 to /127.0.0.1:52683" [_thread_in_native, id=9384, stack(0x0000000028250000,0x0000000028350000)]
  0x000000001bc45800 JavaThread "Memory manager" [_thread_blocked, id=5552, stack(0x0000000020350000,0x0000000020450000)]
  0x000000001bc42800 JavaThread "pool-1-thread-1" [_thread_blocked, id=6424, stack(0x0000000020250000,0x0000000020350000)]
  0x0000000018edb800 JavaThread "File lock request listener" [_thread_in_native, id=9380, stack(0x000000001b4f0000,0x000000001b5f0000)]
  0x000000001926c000 JavaThread "Cache worker for file hash cache (C:\Users\Szymek\.gradle\caches\4.1\fileHashes)" [_thread_blocked, id=6944, stack(0x000000001b3f0000,0x000000001b4f0000)]
  0x0000000018ba8000 JavaThread "Daemon worker" [_thread_in_native, id=8212, stack(0x000000001a120000,0x000000001a220000)]
  0x0000000019347800 JavaThread "Daemon" [_thread_blocked, id=7132, stack(0x0000000019c20000,0x0000000019d20000)]
  0x0000000018b5e000 JavaThread "Daemon periodic checks" [_thread_blocked, id=9584, stack(0x0000000019b20000,0x0000000019c20000)]
  0x0000000018c62800 JavaThread "Incoming local TCP Connector on port 52594" [_thread_in_native, id=5132, stack(0x0000000019920000,0x0000000019a20000)]
  0x0000000015cc3800 JavaThread "Service Thread" daemon [_thread_blocked, id=8620, stack(0x0000000017a10000,0x0000000017b10000)]
  0x0000000015cbe800 JavaThread "C1 CompilerThread2" daemon [_thread_blocked, id=8800, stack(0x0000000017510000,0x0000000017610000)]
=>0x0000000015cbb000 JavaThread "C2 CompilerThread1" daemon [_thread_in_native, id=5672, stack(0x0000000017410000,0x0000000017510000)]
  0x0000000015ccb000 JavaThread "C2 CompilerThread0" daemon [_thread_in_native, id=1752, stack(0x0000000017310000,0x0000000017410000)]
  0x0000000015cca000 JavaThread "Attach Listener" daemon [_thread_blocked, id=6756, stack(0x0000000017210000,0x0000000017310000)]
  0x0000000015cc9000 JavaThread "Signal Dispatcher" daemon [_thread_blocked, id=7312, stack(0x0000000017110000,0x0000000017210000)]
  0x0000000015cae000 JavaThread "Finalizer" daemon [_thread_blocked, id=6000, stack(0x0000000016f10000,0x0000000017010000)]
  0x0000000002342800 JavaThread "Reference Handler" daemon [_thread_blocked, id=492, stack(0x0000000016e10000,0x0000000016f10000)]
  0x000000000053e800 JavaThread "main" [_thread_blocked, id=5180, stack(0x00000000009b0000,0x0000000000ab0000)]

Other Threads:
  0x0000000015c86800 VMThread [stack: 0x0000000016d10000,0x0000000016e10000] [id=6308]
  0x0000000017640000 WatcherThread [stack: 0x0000000017b10000,0x0000000017c10000] [id=8400]

VM state:not at safepoint (normal execution)

VM Mutex/Monitor currently owned by a thread: None

Heap:
 PSYoungGen      total 206848K, used 87317K [0x00000000e0000000, 0x00000000ef480000, 0x0000000100000000)
  eden space 185344K, 47% used [0x00000000e0000000,0x00000000e55457b8,0x00000000eb500000)
  from space 21504K, 0% used [0x00000000ecb00000,0x00000000ecb00000,0x00000000ee000000)
  to   space 22528K, 0% used [0x00000000eb500000,0x00000000eb500000,0x00000000ecb00000)
 ParOldGen       total 147456K, used 31415K [0x00000000a0000000, 0x00000000a9000000, 0x00000000e0000000)
  object space 147456K, 21% used [0x00000000a0000000,0x00000000a1eadd08,0x00000000a9000000)
 Metaspace       used 60473K, capacity 62945K, committed 63192K, reserved 1103872K
  class space    used 8071K, capacity 8666K, committed 8704K, reserved 1048576K

Card table byte_map: [0x0000000011710000,0x0000000011a20000] byte_map_base: 0x0000000011210000

Marking Bits: (ParMarkBitMap*) 0x0000000071253950
 Begin Bits: [0x0000000012020000, 0x0000000013820000)
 End Bits:   [0x0000000013820000, 0x0000000015020000)

Polling page: 0x00000000001f0000

CodeCache: size=245760Kb used=23324Kb max_used=23324Kb free=222435Kb
 bounds [0x0000000002350000, 0x0000000003a30000, 0x0000000011350000]
 total_blobs=8256 nmethods=7452 adapters=715
 compilation: enabled

Compilation events (10 events):
Event: 28.378 Thread 0x0000000015cbe800 8660       2       org.apache.tools.ant.AntTypeDefinition::setClassLoader (6 bytes)
Event: 28.378 Thread 0x0000000015cbe800 nmethod 8660 0x0000000002816dd0 code [0x0000000002816f20, 0x0000000002817090]
Event: 28.378 Thread 0x0000000015cbe800 8657       2       org.apache.tools.ant.AntTypeDefinition::setAdaptToClass (6 bytes)
Event: 28.378 Thread 0x0000000015cbe800 nmethod 8657 0x0000000002816a90 code [0x0000000002816be0, 0x0000000002816d50]
Event: 28.378 Thread 0x0000000015cbe800 8658       2       org.apache.tools.ant.AntTypeDefinition::setAdapterClass (6 bytes)
Event: 28.378 Thread 0x0000000015cbe800 nmethod 8658 0x00000000028166d0 code [0x0000000002816820, 0x0000000002816990]
Event: 28.379 Thread 0x0000000015cbe800 8661       2       com.google.common.collect.RegularImmutableMap::get (64 bytes)
Event: 28.379 Thread 0x0000000015cbe800 nmethod 8661 0x0000000003a2a810 code [0x0000000003a2a9a0, 0x0000000003a2aca8]
Event: 28.379 Thread 0x0000000015cbe800 8662       2       java.util.stream.Sink::end (1 bytes)
Event: 28.379 Thread 0x0000000015cbe800 nmethod 8662 0x0000000003a2ae90 code [0x0000000003a2afe0, 0x0000000003a2b130]

GC Heap History (10 events):
Event: 5.578 GC heap before
{Heap before GC invocations=11 (full 2):
 PSYoungGen      total 140800K, used 140449K [0x00000000e0000000, 0x00000000e9b80000, 0x0000000100000000)
  eden space 130048K, 100% used [0x00000000e0000000,0x00000000e7f00000,0x00000000e7f00000)
  from space 10752K, 96% used [0x00000000e9100000,0x00000000e9b28788,0x00000000e9b80000)
  to   space 12288K, 0% used [0x00000000e8380000,0x00000000e8380000,0x00000000e8f80000)
 ParOldGen       total 105472K, used 15775K [0x00000000a0000000, 0x00000000a6700000, 0x00000000e0000000)
  object space 105472K, 14% used [0x00000000a0000000,0x00000000a0f67c60,0x00000000a6700000)
 Metaspace       used 51212K, capacity 52858K, committed 52952K, reserved 1095680K
  class space    used 6953K, capacity 7380K, committed 7424K, reserved 1048576K
Event: 5.594 GC heap after
Heap after GC invocations=11 (full 2):
 PSYoungGen      total 146944K, used 12285K [0x00000000e0000000, 0x00000000eb900000, 0x0000000100000000)
  eden space 134656K, 0% used [0x00000000e0000000,0x00000000e0000000,0x00000000e8380000)
  from space 12288K, 99% used [0x00000000e8380000,0x00000000e8f7f4e0,0x00000000e8f80000)
  to   space 15872K, 0% used [0x00000000ea980000,0x00000000ea980000,0x00000000eb900000)
 ParOldGen       total 105472K, used 21474K [0x00000000a0000000, 0x00000000a6700000, 0x00000000e0000000)
  object space 105472K, 20% used [0x00000000a0000000,0x00000000a14f8950,0x00000000a6700000)
 Metaspace       used 51212K, capacity 52858K, committed 52952K, reserved 1095680K
  class space    used 6953K, capacity 7380K, committed 7424K, reserved 1048576K
}
Event: 7.451 GC heap before
{Heap before GC invocations=12 (full 2):
 PSYoungGen      total 146944K, used 146941K [0x00000000e0000000, 0x00000000eb900000, 0x0000000100000000)
  eden space 134656K, 100% used [0x00000000e0000000,0x00000000e8380000,0x00000000e8380000)
  from space 12288K, 99% used [0x00000000e8380000,0x00000000e8f7f4e0,0x00000000e8f80000)
  to   space 15872K, 0% used [0x00000000ea980000,0x00000000ea980000,0x00000000eb900000)
 ParOldGen       total 105472K, used 21474K [0x00000000a0000000, 0x00000000a6700000, 0x00000000e0000000)
  object space 105472K, 20% used [0x00000000a0000000,0x00000000a14f8950,0x00000000a6700000)
 Metaspace       used 55204K, capacity 57206K, committed 57432K, reserved 1099776K
  class space    used 7490K, capacity 7948K, committed 8064K, reserved 1048576K
Event: 7.466 GC heap after
Heap after GC invocations=12 (full 2):
 PSYoungGen      total 169984K, used 15853K [0x00000000e0000000, 0x00000000ec380000, 0x0000000100000000)
  eden space 154112K, 0% used [0x00000000e0000000,0x00000000e0000000,0x00000000e9680000)
  from space 15872K, 99% used [0x00000000ea980000,0x00000000eb8fb510,0x00000000eb900000)
  to   space 19456K, 0% used [0x00000000e9680000,0x00000000e9680000,0x00000000ea980000)
 ParOldGen       total 105472K, used 25865K [0x00000000a0000000, 0x00000000a6700000, 0x00000000e0000000)
  object space 105472K, 24% used [0x00000000a0000000,0x00000000a1942440,0x00000000a6700000)
 Metaspace       used 55204K, capacity 57206K, committed 57432K, reserved 1099776K
  class space    used 7490K, capacity 7948K, committed 8064K, reserved 1048576K
}
Event: 8.147 GC heap before
{Heap before GC invocations=13 (full 2):
 PSYoungGen      total 169984K, used 169747K [0x00000000e0000000, 0x00000000ec380000, 0x0000000100000000)
  eden space 154112K, 99% used [0x00000000e0000000,0x00000000e9649ab0,0x00000000e9680000)
  from space 15872K, 99% used [0x00000000ea980000,0x00000000eb8fb510,0x00000000eb900000)
  to   space 19456K, 0% used [0x00000000e9680000,0x00000000e9680000,0x00000000ea980000)
 ParOldGen       total 105472K, used 25865K [0x00000000a0000000, 0x00000000a6700000, 0x00000000e0000000)
  object space 105472K, 24% used [0x00000000a0000000,0x00000000a1942440,0x00000000a6700000)
 Metaspace       used 55732K, capacity 57716K, committed 57944K, reserved 1099776K
  class space    used 7550K, capacity 8039K, committed 8064K, reserved 1048576K
Event: 8.158 GC heap after
Heap after GC invocations=13 (full 2):
 PSYoungGen      total 173568K, used 17621K [0x00000000e0000000, 0x00000000ee000000, 0x0000000100000000)
  eden space 154112K, 0% used [0x00000000e0000000,0x00000000e0000000,0x00000000e9680000)
  from space 19456K, 90% used [0x00000000e9680000,0x00000000ea7b56a8,0x00000000ea980000)
  to   space 21504K, 0% used [0x00000000ecb00000,0x00000000ecb00000,0x00000000ee000000)
 ParOldGen       total 105472K, used 25873K [0x00000000a0000000, 0x00000000a6700000, 0x00000000e0000000)
  object space 105472K, 24% used [0x00000000a0000000,0x00000000a1944440,0x00000000a6700000)
 Metaspace       used 55732K, capacity 57716K, committed 57944K, reserved 1099776K
  class space    used 7550K, capacity 8039K, committed 8064K, reserved 1048576K
}
Event: 8.317 GC heap before
{Heap before GC invocations=14 (full 2):
 PSYoungGen      total 173568K, used 117239K [0x00000000e0000000, 0x00000000ee000000, 0x0000000100000000)
  eden space 154112K, 64% used [0x00000000e0000000,0x00000000e61487f8,0x00000000e9680000)
  from space 19456K, 90% used [0x00000000e9680000,0x00000000ea7b56a8,0x00000000ea980000)
  to   space 21504K, 0% used [0x00000000ecb00000,0x00000000ecb00000,0x00000000ee000000)
 ParOldGen       total 105472K, used 25873K [0x00000000a0000000, 0x00000000a6700000, 0x00000000e0000000)
  object space 105472K, 24% used [0x00000000a0000000,0x00000000a1944440,0x00000000a6700000)
 Metaspace       used 56783K, capacity 58939K, committed 59028K, reserved 1099776K
  class space    used 7742K, capacity 8231K, committed 8320K, reserved 1048576K
Event: 8.331 GC heap after
Heap after GC invocations=14 (full 2):
 PSYoungGen      total 206848K, used 17195K [0x00000000e0000000, 0x00000000ef480000, 0x0000000100000000)
  eden space 185344K, 0% used [0x00000000e0000000,0x00000000e0000000,0x00000000eb500000)
  from space 21504K, 79% used [0x00000000ecb00000,0x00000000edbcaf20,0x00000000ee000000)
  to   space 22528K, 0% used [0x00000000eb500000,0x00000000eb500000,0x00000000ecb00000)
 ParOldGen       total 105472K, used 25881K [0x00000000a0000000, 0x00000000a6700000, 0x00000000e0000000)
  object space 105472K, 24% used [0x00000000a0000000,0x00000000a1946440,0x00000000a6700000)
 Metaspace       used 56783K, capacity 58939K, committed 59028K, reserved 1099776K
  class space    used 7742K, capacity 8231K, committed 8320K, reserved 1048576K
}
Event: 8.331 GC heap before
{Heap before GC invocations=15 (full 3):
 PSYoungGen      total 206848K, used 17195K [0x00000000e0000000, 0x00000000ef480000, 0x0000000100000000)
  eden space 185344K, 0% used [0x00000000e0000000,0x00000000e0000000,0x00000000eb500000)
  from space 21504K, 79% used [0x00000000ecb00000,0x00000000edbcaf20,0x00000000ee000000)
  to   space 22528K, 0% used [0x00000000eb500000,0x00000000eb500000,0x00000000ecb00000)
 ParOldGen       total 105472K, used 25881K [0x00000000a0000000, 0x00000000a6700000, 0x00000000e0000000)
  object space 105472K, 24% used [0x00000000a0000000,0x00000000a1946440,0x00000000a6700000)
 Metaspace       used 56783K, capacity 58939K, committed 59028K, reserved 1099776K
  class space    used 7742K, capacity 8231K, committed 8320K, reserved 1048576K
Event: 8.488 GC heap after
Heap after GC invocations=15 (full 3):
 PSYoungGen      total 206848K, used 0K [0x00000000e0000000, 0x00000000ef480000, 0x0000000100000000)
  eden space 185344K, 0% used [0x00000000e0000000,0x00000000e0000000,0x00000000eb500000)
  from space 21504K, 0% used [0x00000000ecb00000,0x00000000ecb00000,0x00000000ee000000)
  to   space 22528K, 0% used [0x00000000eb500000,0x00000000eb500000,0x00000000ecb00000)
 ParOldGen       total 147456K, used 31415K [0x00000000a0000000, 0x00000000a9000000, 0x00000000e0000000)
  object space 147456K, 21% used [0x00000000a0000000,0x00000000a1eadd08,0x00000000a9000000)
 Metaspace       used 56783K, capacity 58939K, committed 59028K, reserved 1099776K
  class space    used 7742K, capacity 8231K, committed 8320K, reserved 1048576K
}

Deoptimization events (10 events):
Event: 8.523 Thread 0x000000001bc4c000 Uncommon trap: reason=class_check action=maybe_recompile pc=0x0000000002c38e98 method=java.util.concurrent.locks.ReentrantLock.lock()V @ 4
Event: 8.662 Thread 0x0000000018ba8000 Uncommon trap: reason=unstable_if action=reinterpret pc=0x0000000003691c40 method=java.nio.Buffer.limit(I)Ljava/nio/Buffer; @ 33
Event: 8.720 Thread 0x000000001929e800 Uncommon trap: reason=class_check action=maybe_recompile pc=0x0000000002c38e98 method=java.util.concurrent.locks.ReentrantLock.lock()V @ 4
Event: 8.722 Thread 0x000000001a537000 Uncommon trap: reason=class_check action=maybe_recompile pc=0x0000000002c38e98 method=java.util.concurrent.locks.ReentrantLock.lock()V @ 4
Event: 8.742 Thread 0x0000000019347800 Uncommon trap: reason=unstable_if action=reinterpret pc=0x00000000024921a4 method=com.esotericsoftware.kryo.io.Output.writeBytes([BII)V @ 61
Event: 8.752 Thread 0x00000000189ad000 Uncommon trap: reason=unstable_if action=reinterpret pc=0x000000000249eedc method=com.esotericsoftware.kryo.io.Input.require(I)I @ 117
Event: 27.686 Thread 0x0000000018ba8000 Uncommon trap: reason=unstable_if action=reinterpret pc=0x00000000038e5e2c method=java.io.ObjectStreamClass.writeNonProxy(Ljava/io/ObjectOutputStream;)V @ 65
Event: 27.703 Thread 0x0000000018ba8000 Uncommon trap: reason=predicate action=maybe_recompile pc=0x000000000378da80 method=sun.util.calendar.ZoneInfo.getTransitionIndex(JI)I @ 19
Event: 27.707 Thread 0x0000000018ba8000 Uncommon trap: reason=unstable_if action=reinterpret pc=0x0000000002f3a450 method=java.io.ByteArrayInputStream.read()I @ 8
Event: 28.361 Thread 0x0000000018ba8000 Uncommon trap: reason=unstable_if action=reinterpret pc=0x00000000035552ec method=com.google.common.collect.MapMakerInternalMap$Segment.getEntry(Ljava/lang/Object;I)Lcom/google/common/collect/MapMakerInternalMap$ReferenceEntry; @ 40

Classes redefined (0 events):
No events

Internal exceptions (10 events):
Event: 8.741 Thread 0x0000000019347800 Exception <a 'java/lang/NoSuchMethodError': <clinit>> (0x00000000e1763fc0) thrown at [D:\src\AOSP-openjdk-cygwin\jdk8u\hotspot\src\share\vm\prims\jni.cpp, line 1613]
Event: 8.741 Thread 0x0000000019347800 Exception <a 'java/lang/NoSuchMethodError': <clinit>> (0x00000000e176e928) thrown at [D:\src\AOSP-openjdk-cygwin\jdk8u\hotspot\src\share\vm\prims\jni.cpp, line 1613]
Event: 8.742 Thread 0x0000000019347800 Exception <a 'java/lang/NoSuchMethodError': <clinit>> (0x00000000e1777680) thrown at [D:\src\AOSP-openjdk-cygwin\jdk8u\hotspot\src\share\vm\prims\jni.cpp, line 1613]
Event: 8.743 Thread 0x0000000019347800 Exception <a 'java/lang/NoSuchMethodError': <clinit>> (0x00000000e178f160) thrown at [D:\src\AOSP-openjdk-cygwin\jdk8u\hotspot\src\share\vm\prims\jni.cpp, line 1613]
Event: 8.745 Thread 0x0000000019347800 Exception <a 'java/lang/NoSuchMethodError': <clinit>> (0x00000000e17a2138) thrown at [D:\src\AOSP-openjdk-cygwin\jdk8u\hotspot\src\share\vm\prims\jni.cpp, line 1613]
Event: 8.746 Thread 0x0000000019347800 Exception <a 'java/lang/NoSuchMethodError': <clinit>> (0x00000000e17a6818) thrown at [D:\src\AOSP-openjdk-cygwin\jdk8u\hotspot\src\share\vm\prims\jni.cpp, line 1613]
Event: 8.752 Thread 0x00000000189ad000 Exception <a 'java/lang/NoSuchMethodError': <clinit>> (0x00000000e1c30540) thrown at [D:\src\AOSP-openjdk-cygwin\jdk8u\hotspot\src\share\vm\prims\jni.cpp, line 1613]
Event: 27.737 Thread 0x0000000018ba8000 Exception <a 'java/lang/ClassNotFoundException': sync_local_repo540_5bcey2eekmcf7a37dz69c3l80BeanInfo> (0x00000000e22e6b98) thrown at [D:\src\AOSP-openjdk-cygwin\jdk8u\hotspot\src\share\vm\classfile\systemDictionary.cpp, line 210]
Event: 27.737 Thread 0x0000000018ba8000 Exception <a 'java/lang/ClassNotFoundException': sync_local_repo540_5bcey2eekmcf7a37dz69c3l80Customizer> (0x00000000e22f11e0) thrown at [D:\src\AOSP-openjdk-cygwin\jdk8u\hotspot\src\share\vm\classfile\systemDictionary.cpp, line 210]
Event: 28.379 Thread 0x0000000018ba8000 Exception <a 'sun/nio/fs/WindowsException'> (0x00000000e51ee4f0) thrown at [D:\src\AOSP-openjdk-cygwin\jdk8u\hotspot\src\share\vm\prims\jni.cpp, line 709]

Events (10 events):
Event: 28.345 Executing VM operation: BulkRevokeBias
Event: 28.345 Executing VM operation: BulkRevokeBias done
Event: 28.348 Thread 0x0000000015cbe800 flushing nmethod 0x0000000002ee8650
Event: 28.357 Thread 0x0000000015cbe800 flushing nmethod 0x000000000341f4d0
Event: 28.357 Thread 0x0000000015cbe800 flushing nmethod 0x000000000342e990
Event: 28.358 Thread 0x0000000015cbe800 flushing nmethod 0x00000000035b5b50
Event: 28.358 Thread 0x0000000015cbe800 flushing nmethod 0x00000000035d9250
Event: 28.361 Thread 0x0000000018ba8000 Uncommon trap: trap_request=0xffffff65 fr.pc=0x00000000035552ec
Event: 28.361 Thread 0x0000000018ba8000 DEOPT PACKING pc=0x00000000035552ec sp=0x000000001a21b4b0
Event: 28.361 Thread 0x0000000018ba8000 DEOPT UNPACKING pc=0x000000000239556a sp=0x000000001a21b458 mode 2


Dynamic libraries:
0x00007ff6343d0000 - 0x00007ff634401000 	C:\Program Files\Android\Android Studio\jre\bin\java.exe
0x00007ffae2b80000 - 0x00007ffae2d41000 	C:\Windows\SYSTEM32\ntdll.dll
0x00007ffae08a0000 - 0x00007ffae094d000 	C:\Windows\system32\KERNEL32.DLL
0x00007ffadfb10000 - 0x00007ffadfcf8000 	C:\Windows\system32\KERNELBASE.dll
0x00007ffae0020000 - 0x00007ffae00c7000 	C:\Windows\system32\ADVAPI32.dll
0x00007ffadff80000 - 0x00007ffae001d000 	C:\Windows\system32\msvcrt.dll
0x00007ffae2320000 - 0x00007ffae237b000 	C:\Windows\system32\sechost.dll
0x00007ffae2200000 - 0x00007ffae231c000 	C:\Windows\system32\RPCRT4.dll
0x00007ffae00e0000 - 0x00007ffae0236000 	C:\Windows\system32\USER32.dll
0x00007ffae2400000 - 0x00007ffae2586000 	C:\Windows\system32\GDI32.dll
0x00007ffad6790000 - 0x00007ffad6a04000 	C:\Windows\WinSxS\amd64_microsoft.windows.common-controls_6595b64144ccf1df_6.0.10586.0_none_8c15ae12515e1c22\COMCTL32.dll
0x00007ffae0460000 - 0x00007ffae06dd000 	C:\Windows\system32\combase.dll
0x00007ffadfec0000 - 0x00007ffadff2a000 	C:\Windows\system32\bcryptPrimitives.dll
0x00007ffae0350000 - 0x00007ffae038b000 	C:\Windows\system32\IMM32.DLL
0x00000000718d0000 - 0x00000000719a2000 	C:\Program Files\Android\Android Studio\jre\jre\bin\msvcr100.dll
0x0000000070a90000 - 0x00000000712ce000 	C:\Program Files\Android\Android Studio\jre\jre\bin\server\jvm.dll
0x00007ffae00d0000 - 0x00007ffae00d8000 	C:\Windows\system32\PSAPI.DLL
0x00007ffadd280000 - 0x00007ffadd2a3000 	C:\Windows\SYSTEM32\WINMM.dll
0x00007ffad5ab0000 - 0x00007ffad5ab9000 	C:\Windows\SYSTEM32\WSOCK32.dll
0x00007ffadbcf0000 - 0x00007ffadbcfa000 	C:\Windows\SYSTEM32\VERSION.dll
0x00007ffae2390000 - 0x00007ffae23fb000 	C:\Windows\system32\WS2_32.dll
0x0000000000ac0000 - 0x0000000000aec000 	C:\Windows\SYSTEM32\WINMMBASE.dll
0x00007ffadff30000 - 0x00007ffadff73000 	C:\Windows\system32\cfgmgr32.dll
0x00007ffadd2d0000 - 0x00007ffadd2df000 	C:\Program Files\Android\Android Studio\jre\jre\bin\verify.dll
0x00007ffada370000 - 0x00007ffada399000 	C:\Program Files\Android\Android Studio\jre\jre\bin\java.dll
0x00007ffad2c70000 - 0x00007ffad2c86000 	C:\Program Files\Android\Android Studio\jre\jre\bin\zip.dll
0x00007ffae0950000 - 0x00007ffae1eaf000 	C:\Windows\system32\SHELL32.dll
0x00007ffadf2f0000 - 0x00007ffadf934000 	C:\Windows\system32\windows.storage.dll
0x00007ffae2130000 - 0x00007ffae2182000 	C:\Windows\system32\shlwapi.dll
0x00007ffadf220000 - 0x00007ffadf22f000 	C:\Windows\system32\kernel.appcore.dll
0x00007ffadf230000 - 0x00007ffadf2e5000 	C:\Windows\system32\shcore.dll
0x00007ffadf1c0000 - 0x00007ffadf20b000 	C:\Windows\system32\powrprof.dll
0x00007ffadf1a0000 - 0x00007ffadf1b4000 	C:\Windows\system32\profapi.dll
0x00007ffad2c50000 - 0x00007ffad2c6a000 	C:\Program Files\Android\Android Studio\jre\jre\bin\net.dll
0x00007ffadead0000 - 0x00007ffadeb2c000 	C:\Windows\system32\mswsock.dll
0x00007ffad1640000 - 0x00007ffad1651000 	C:\Program Files\Android\Android Studio\jre\jre\bin\nio.dll
0x00007ffad0380000 - 0x00007ffad039e000 	C:\Users\Szymek\.gradle\native\25\windows-amd64\native-platform.dll
0x00007ffada4f0000 - 0x00007ffada4fd000 	C:\Program Files\Android\Android Studio\jre\jre\bin\management.dll
0x00007ffadeb80000 - 0x00007ffadeb97000 	C:\Windows\SYSTEM32\CRYPTSP.dll
0x00007ffade810000 - 0x00007ffade844000 	C:\Windows\system32\rsaenh.dll
0x00007ffadeda0000 - 0x00007ffadedc9000 	C:\Windows\SYSTEM32\bcrypt.dll
0x00007ffade960000 - 0x00007ffade97f000 	C:\Windows\SYSTEM32\USERENV.dll
0x00007ffadeca0000 - 0x00007ffadecab000 	C:\Windows\SYSTEM32\CRYPTBASE.dll
0x00007ffadcba0000 - 0x00007ffadcbd8000 	C:\Windows\SYSTEM32\IPHLPAPI.DLL
0x00007ffae2380000 - 0x00007ffae2388000 	C:\Windows\system32\NSI.dll
0x00007ffad76f0000 - 0x00007ffad7706000 	C:\Windows\SYSTEM32\dhcpcsvc6.DLL
0x00007ffad76d0000 - 0x00007ffad76ea000 	C:\Windows\SYSTEM32\dhcpcsvc.DLL

VM Arguments:
jvm_args: -Xmx1536m -Dfile.encoding=windows-1250 -Duser.country=PL -Duser.language=pl -Duser.variant 
java_command: org.gradle.launcher.daemon.bootstrap.GradleDaemon 4.1
java_class_path (initial): C:\Users\Szymek\.gradle\wrapper\dists\gradle-4.1-all\bzyivzo6n839fup2jbap0tjew\gradle-4.1\lib\gradle-launcher-4.1.jar
Launcher Type: SUN_STANDARD

Environment Variables:
PATH=C:\ProgramData\Oracle\Java\javapath;C:\Windows\system32;C:\Windows;C:\Windows\System32\Wbem;C:\Windows\System32\WindowsPowerShell\v1.0\;C:\Users\Szymek\.dnx\bin;C:\Program Files\Microsoft DNX\Dnvm\;C:\Program Files\Microsoft SQL Server\130\Tools\Binn\;C:\Program Files (x86)\Windows Kits\8.1\Windows Performance Toolkit\;C:\Program Files (x86)\Skype\Phone\;C:\Program Files\nodejs\;C:\Program Files\MATLAB\R2012b\runtime\win64;C:\Program Files\MATLAB\R2012b\bin;C:\Program Files (x86)\Common Files\Apple\Apple Application Support;C:\Program Files (x86)\NVIDIA Corporation\PhysX\Common;C:\Program Files (x86)\OpenVPN\bin;C:\Program Files (x86)\Common Files\Symbian\tools;C:\Users\Szymek\AppData\Roaming\npm;C:\Users\Szymek\AppData\Local\GitHubDesktop\bin
USERNAME=Szymek
OS=Windows_NT
PROCESSOR_IDENTIFIER=Intel64 Family 6 Model 94 Stepping 3, GenuineIntel



---------------  S Y S T E M  ---------------

OS: Windows 10.0 , 64 bit Build 10586 (10.0.10586.0)

CPU:total 4 (initial active 4) (4 cores per cpu, 1 threads per core) family 6 model 94 stepping 3, cmov, cx8, fxsr, mmx, sse, sse2, sse3, ssse3, sse4.1, sse4.2, popcnt, avx, avx2, aes, clmul, erms, 3dnowpref, lzcnt, tsc, tscinvbit, bmi1, bmi2, adx

Memory: 4k page, physical 8334224k(1695588k free), swap 11427416k(6120k free)

vm_info: OpenJDK 64-Bit Server VM (25.152-b01) for windows-amd64 JRE (1.8.0_152-release-915-b01), built by "builder" with MS VC++ 10.0 (VS2010)

time: Sun May 13 23:16:33 2018
elapsed time: 28 seconds (0d 0h 0m 28s)

